{"/Users/BillyOrr/Desktop/project_team117/src/controller/IInsightFacade.ts":{"path":"/Users/BillyOrr/Desktop/project_team117/src/controller/IInsightFacade.ts","statementMap":{"0":{"start":{"line":2,"column":0},"end":{"line":2,"column":62}},"1":{"start":{"line":3,"column":0},"end":{"line":3,"column":113}},"2":{"start":{"line":5,"column":0},"end":{"line":8,"column":89}},"3":{"start":{"line":6,"column":4},"end":{"line":6,"column":48}},"4":{"start":{"line":7,"column":4},"end":{"line":7,"column":42}},"5":{"start":{"line":11,"column":8},"end":{"line":11,"column":23}},"6":{"start":{"line":12,"column":8},"end":{"line":12,"column":52}},"7":{"start":{"line":15,"column":0},"end":{"line":15,"column":36}},"8":{"start":{"line":18,"column":8},"end":{"line":18,"column":23}},"9":{"start":{"line":19,"column":8},"end":{"line":19,"column":53}},"10":{"start":{"line":22,"column":0},"end":{"line":22,"column":38}},"11":{"start":{"line":25,"column":8},"end":{"line":25,"column":23}},"12":{"start":{"line":26,"column":8},"end":{"line":26,"column":59}},"13":{"start":{"line":29,"column":0},"end":{"line":29,"column":50}}},"fnMap":{"0":{"name":"(anonymous_0)","decl":{"start":{"line":5,"column":1},"end":{"line":5,"column":2}},"loc":{"start":{"line":5,"column":31},"end":{"line":8,"column":1}},"line":5},"1":{"name":"(anonymous_1)","decl":{"start":{"line":10,"column":4},"end":{"line":10,"column":5}},"loc":{"start":{"line":10,"column":25},"end":{"line":13,"column":5}},"line":10},"2":{"name":"(anonymous_2)","decl":{"start":{"line":17,"column":4},"end":{"line":17,"column":5}},"loc":{"start":{"line":17,"column":25},"end":{"line":20,"column":5}},"line":17},"3":{"name":"(anonymous_3)","decl":{"start":{"line":24,"column":4},"end":{"line":24,"column":5}},"loc":{"start":{"line":24,"column":25},"end":{"line":27,"column":5}},"line":24}},"branchMap":{"0":{"loc":{"start":{"line":8,"column":24},"end":{"line":8,"column":87}},"type":"binary-expr","locations":[{"start":{"line":8,"column":24},"end":{"line":8,"column":50}},{"start":{"line":8,"column":55},"end":{"line":8,"column":86}}],"line":8}},"s":{"0":1,"1":1,"2":1,"3":1,"4":1,"5":39,"6":39,"7":1,"8":1,"9":1,"10":1,"11":1,"12":1,"13":1},"f":{"0":1,"1":39,"2":1,"3":1},"b":{"0":[1,1]},"inputSourceMap":{"version":3,"file":"/Users/BillyOrr/Desktop/project_team117/src/controller/IInsightFacade.ts","sources":["/Users/BillyOrr/Desktop/project_team117/src/controller/IInsightFacade.ts"],"names":[],"mappings":";;;AAMA,IAAY,kBAGX;AAHD,WAAY,kBAAkB;IAC7B,2CAAqB,CAAA;IACrB,qCAAe,CAAA;AAChB,CAAC,EAHW,kBAAkB,GAAlB,0BAAkB,KAAlB,0BAAkB,QAG7B;AAUD,MAAa,YAAa,SAAQ,KAAK;IACtC,YAAY,OAAgB;QAC3B,KAAK,CAAC,OAAO,CAAC,CAAC;QACf,KAAK,CAAC,iBAAiB,CAAC,IAAI,EAAE,YAAY,CAAC,CAAC;IAC7C,CAAC;CACD;AALD,oCAKC;AAED,MAAa,aAAc,SAAQ,KAAK;IACvC,YAAY,OAAgB;QAC3B,KAAK,CAAC,OAAO,CAAC,CAAC;QACf,KAAK,CAAC,iBAAiB,CAAC,IAAI,EAAE,aAAa,CAAC,CAAC;IAC9C,CAAC;CACD;AALD,sCAKC;AAED,MAAa,mBAAoB,SAAQ,KAAK;IAC7C,YAAY,OAAgB;QAC3B,KAAK,CAAC,OAAO,CAAC,CAAC;QACf,KAAK,CAAC,iBAAiB,CAAC,IAAI,EAAE,mBAAmB,CAAC,CAAC;IACpD,CAAC;CACD;AALD,kDAKC","sourcesContent":["/*\n * This is the primary high-level API for the project. In this folder there should be:\n * A class called InsightFacade, this should be in a file called InsightFacade.ts.\n * You should not change this interface at all or the test suite will not work.\n */\n\nexport enum InsightDatasetKind {\n\tSections = \"sections\",\n\tRooms = \"rooms\",\n}\n\nexport interface InsightDataset {\n\tid: string;\n\tkind: InsightDatasetKind;\n\tnumRows: number;\n}\n\nexport type InsightResult = Record<string, string | number>;\n\nexport class InsightError extends Error {\n\tconstructor(message?: string) {\n\t\tsuper(message);\n\t\tError.captureStackTrace(this, InsightError);\n\t}\n}\n\nexport class NotFoundError extends Error {\n\tconstructor(message?: string) {\n\t\tsuper(message);\n\t\tError.captureStackTrace(this, NotFoundError);\n\t}\n}\n\nexport class ResultTooLargeError extends Error {\n\tconstructor(message?: string) {\n\t\tsuper(message);\n\t\tError.captureStackTrace(this, ResultTooLargeError);\n\t}\n}\n\nexport interface IInsightFacade {\n\t/**\n\t * Add a dataset to insightUBC.\n\t *\n\t * @param id  The id of the dataset being added. Follows the format /^[^_]+$/\n\t * @param content  The base64 content of the dataset. This content should be in the form of a serialized zip file.\n\t * @param kind  The kind of the dataset\n\t *\n\t * @return Promise <string[]>\n\t *\n\t * The promise should fulfill on a successful add, reject for any failures.\n\t * The promise should fulfill with a string array,\n\t * containing the ids of all currently added datasets upon a successful add.\n\t * The promise should reject with an InsightError describing the error.\n\t *\n\t * An id is invalid if it contains an underscore, or is only whitespace characters.\n\t * If id is the same as the id of an already added dataset, the dataset should be rejected and not saved.\n\t *\n\t * After receiving the dataset, it should be processed into a data structure of\n\t * your design. The processed data structure should be persisted to disk; your\n\t * system should be able to load this persisted value into memory for answering\n\t * queries.\n\t *\n\t * Ultimately, a dataset must be added or loaded from disk before queries can\n\t * be successfully answered.\n\t */\n\taddDataset(id: string, content: string, kind: InsightDatasetKind): Promise<string[]>;\n\n\t/**\n\t * Remove a dataset from insightUBC.\n\t *\n\t * @param id  The id of the dataset to remove. Follows the format /^[^_]+$/\n\t *\n\t * @return Promise <string>\n\t *\n\t * The promise should fulfill upon a successful removal, reject on any error.\n\t * Attempting to remove a dataset that hasn't been added yet counts as an error.\n\t *\n\t * An id is invalid if it contains an underscore, or is only whitespace characters.\n\t *\n\t * The promise should fulfill the id of the dataset that was removed.\n\t * The promise should reject with a NotFoundError (if a valid id was not yet added)\n\t * or an InsightError (invalid id or any other source of failure) describing the error.\n\t *\n\t * This will delete both disk and memory caches for the dataset for the id meaning\n\t * that subsequent queries for that id should fail unless a new addDataset happens first.\n\t */\n\tremoveDataset(id: string): Promise<string>;\n\n\t/**\n\t * Perform a query on insightUBC.\n\t *\n\t * @param query  The query to be performed.\n\t *\n\t * If a query is incorrectly formatted, references a dataset not added (in memory or on disk),\n\t * or references multiple datasets, it should be rejected.\n\t *\n\t * @return Promise <InsightResult[]>\n\t *\n\t * The promise should fulfill with an array of results.\n\t * The promise should reject with a ResultTooLargeError (if the query returns too many results)\n\t * or an InsightError (for any other source of failure) describing the error.\n\t */\n\tperformQuery(query: unknown): Promise<InsightResult[]>;\n\n\t/**\n\t * List all currently added datasets, their types, and number of rows.\n\t *\n\t * @return Promise <InsightDataset[]>\n\t * The promise should fulfill an array of currently added InsightDatasets, and will only fulfill.\n\t */\n\tlistDatasets(): Promise<InsightDataset[]>;\n}\n"]},"_coverageSchema":"1a1c01bbd47fc00a2c39e90264f33305004495a9","hash":"4e6482c43c897f56a7c06d13b4f339446847da5c","contentHash":"a855cbe42dcfb7d22d30ad94a4bc3a24de3e9b838ffb58828c0edbb3dcc4472a"},"/Users/BillyOrr/Desktop/project_team117/src/controller/InsightFacade.ts":{"path":"/Users/BillyOrr/Desktop/project_team117/src/controller/InsightFacade.ts","statementMap":{"0":{"start":{"line":2,"column":22},"end":{"line":12,"column":3}},"1":{"start":{"line":3,"column":4},"end":{"line":3,"column":33}},"2":{"start":{"line":3,"column":26},"end":{"line":3,"column":33}},"3":{"start":{"line":4,"column":15},"end":{"line":4,"column":52}},"4":{"start":{"line":5,"column":4},"end":{"line":7,"column":5}},"5":{"start":{"line":6,"column":6},"end":{"line":6,"column":68}},"6":{"start":{"line":6,"column":51},"end":{"line":6,"column":63}},"7":{"start":{"line":8,"column":4},"end":{"line":8,"column":39}},"8":{"start":{"line":10,"column":4},"end":{"line":10,"column":33}},"9":{"start":{"line":10,"column":26},"end":{"line":10,"column":33}},"10":{"start":{"line":11,"column":4},"end":{"line":11,"column":17}},"11":{"start":{"line":13,"column":25},"end":{"line":17,"column":2}},"12":{"start":{"line":14,"column":4},"end":{"line":14,"column":72}},"13":{"start":{"line":16,"column":4},"end":{"line":16,"column":21}},"14":{"start":{"line":18,"column":19},"end":{"line":24,"column":1}},"15":{"start":{"line":19,"column":4},"end":{"line":19,"column":42}},"16":{"start":{"line":19,"column":31},"end":{"line":19,"column":42}},"17":{"start":{"line":20,"column":17},"end":{"line":20,"column":19}},"18":{"start":{"line":21,"column":4},"end":{"line":21,"column":141}},"19":{"start":{"line":21,"column":21},"end":{"line":21,"column":141}},"20":{"start":{"line":21,"column":40},"end":{"line":21,"column":141}},"21":{"start":{"line":21,"column":109},"end":{"line":21,"column":141}},"22":{"start":{"line":22,"column":4},"end":{"line":22,"column":36}},"23":{"start":{"line":23,"column":4},"end":{"line":23,"column":18}},"24":{"start":{"line":25,"column":0},"end":{"line":25,"column":62}},"25":{"start":{"line":26,"column":0},"end":{"line":26,"column":42}},"26":{"start":{"line":27,"column":25},"end":{"line":27,"column":52}},"27":{"start":{"line":28,"column":14},"end":{"line":28,"column":30}},"28":{"start":{"line":29,"column":11},"end":{"line":29,"column":44}},"29":{"start":{"line":30,"column":13},"end":{"line":30,"column":42}},"30":{"start":{"line":31,"column":16},"end":{"line":31,"column":42}},"31":{"start":{"line":32,"column":17},"end":{"line":32,"column":44}},"32":{"start":{"line":33,"column":19},"end":{"line":33,"column":48}},"33":{"start":{"line":34,"column":21},"end":{"line":34,"column":58}},"34":{"start":{"line":35,"column":25},"end":{"line":35,"column":60}},"35":{"start":{"line":37,"column":15},"end":{"line":37,"column":24}},"36":{"start":{"line":41,"column":8},"end":{"line":41,"column":56}},"37":{"start":{"line":42,"column":8},"end":{"line":44,"column":11}},"38":{"start":{"line":43,"column":12},"end":{"line":43,"column":46}},"39":{"start":{"line":47,"column":8},"end":{"line":63,"column":9}},"40":{"start":{"line":48,"column":26},"end":{"line":48,"column":56}},"41":{"start":{"line":49,"column":30},"end":{"line":49,"column":76}},"42":{"start":{"line":49,"column":53},"end":{"line":49,"column":75}},"43":{"start":{"line":50,"column":36},"end":{"line":59,"column":14}},"44":{"start":{"line":51,"column":33},"end":{"line":51,"column":62}},"45":{"start":{"line":52,"column":16},"end":{"line":58,"column":17}},"46":{"start":{"line":53,"column":36},"end":{"line":53,"column":63}},"47":{"start":{"line":54,"column":31},"end":{"line":54,"column":59}},"48":{"start":{"line":55,"column":20},"end":{"line":55,"column":51}},"49":{"start":{"line":60,"column":12},"end":{"line":60,"column":47}},"50":{"start":{"line":66,"column":27},"end":{"line":66,"column":32}},"51":{"start":{"line":67,"column":8},"end":{"line":83,"column":9}},"52":{"start":{"line":68,"column":12},"end":{"line":68,"column":52}},"53":{"start":{"line":69,"column":24},"end":{"line":69,"column":60}},"54":{"start":{"line":70,"column":28},"end":{"line":70,"column":70}},"55":{"start":{"line":71,"column":12},"end":{"line":71,"column":43}},"56":{"start":{"line":72,"column":12},"end":{"line":72,"column":32}},"57":{"start":{"line":73,"column":12},"end":{"line":73,"column":51}},"58":{"start":{"line":74,"column":12},"end":{"line":74,"column":52}},"59":{"start":{"line":77,"column":12},"end":{"line":81,"column":13}},"60":{"start":{"line":78,"column":16},"end":{"line":78,"column":41}},"61":{"start":{"line":79,"column":33},"end":{"line":79,"column":70}},"62":{"start":{"line":80,"column":16},"end":{"line":80,"column":42}},"63":{"start":{"line":82,"column":12},"end":{"line":82,"column":37}},"64":{"start":{"line":87,"column":8},"end":{"line":107,"column":9}},"65":{"start":{"line":88,"column":32},"end":{"line":88,"column":67}},"66":{"start":{"line":89,"column":29},"end":{"line":89,"column":82}},"67":{"start":{"line":90,"column":12},"end":{"line":94,"column":14}},"68":{"start":{"line":96,"column":13},"end":{"line":107,"column":9}},"69":{"start":{"line":97,"column":30},"end":{"line":97,"column":71}},"70":{"start":{"line":98,"column":26},"end":{"line":98,"column":77}},"71":{"start":{"line":99,"column":12},"end":{"line":103,"column":14}},"72":{"start":{"line":106,"column":12},"end":{"line":106,"column":91}},"73":{"start":{"line":108,"column":8},"end":{"line":108,"column":23}},"74":{"start":{"line":111,"column":8},"end":{"line":113,"column":9}},"75":{"start":{"line":112,"column":12},"end":{"line":112,"column":94}},"76":{"start":{"line":114,"column":8},"end":{"line":122,"column":9}},"77":{"start":{"line":115,"column":29},"end":{"line":115,"column":66}},"78":{"start":{"line":116,"column":12},"end":{"line":121,"column":13}},"79":{"start":{"line":117,"column":16},"end":{"line":117,"column":42}},"80":{"start":{"line":120,"column":16},"end":{"line":120,"column":122}},"81":{"start":{"line":123,"column":8},"end":{"line":129,"column":9}},"82":{"start":{"line":124,"column":29},"end":{"line":124,"column":66}},"83":{"start":{"line":125,"column":12},"end":{"line":125,"column":38}},"84":{"start":{"line":128,"column":12},"end":{"line":128,"column":113}},"85":{"start":{"line":130,"column":8},"end":{"line":130,"column":33}},"86":{"start":{"line":131,"column":8},"end":{"line":131,"column":35}},"87":{"start":{"line":134,"column":8},"end":{"line":134,"column":25}},"88":{"start":{"line":135,"column":29},"end":{"line":135,"column":31}},"89":{"start":{"line":136,"column":8},"end":{"line":142,"column":9}},"90":{"start":{"line":137,"column":12},"end":{"line":141,"column":15}},"91":{"start":{"line":143,"column":8},"end":{"line":143,"column":28}},"92":{"start":{"line":146,"column":8},"end":{"line":146,"column":25}},"93":{"start":{"line":147,"column":8},"end":{"line":147,"column":42}},"94":{"start":{"line":148,"column":22},"end":{"line":148,"column":28}},"95":{"start":{"line":149,"column":8},"end":{"line":149,"column":67}},"96":{"start":{"line":150,"column":24},"end":{"line":150,"column":64}},"97":{"start":{"line":152,"column":8},"end":{"line":162,"column":9}},"98":{"start":{"line":153,"column":12},"end":{"line":153,"column":43}},"99":{"start":{"line":154,"column":12},"end":{"line":154,"column":38}},"100":{"start":{"line":156,"column":13},"end":{"line":162,"column":9}},"101":{"start":{"line":157,"column":12},"end":{"line":157,"column":40}},"102":{"start":{"line":158,"column":12},"end":{"line":158,"column":35}},"103":{"start":{"line":161,"column":12},"end":{"line":161,"column":98}},"104":{"start":{"line":163,"column":28},"end":{"line":163,"column":85}},"105":{"start":{"line":164,"column":29},"end":{"line":164,"column":67}},"106":{"start":{"line":165,"column":30},"end":{"line":165,"column":98}},"107":{"start":{"line":166,"column":28},"end":{"line":166,"column":81}},"108":{"start":{"line":167,"column":30},"end":{"line":167,"column":34}},"109":{"start":{"line":168,"column":8},"end":{"line":170,"column":9}},"110":{"start":{"line":169,"column":12},"end":{"line":169,"column":85}},"111":{"start":{"line":171,"column":8},"end":{"line":171,"column":46}},"112":{"start":{"line":172,"column":8},"end":{"line":172,"column":27}},"113":{"start":{"line":175,"column":8},"end":{"line":177,"column":9}},"114":{"start":{"line":176,"column":12},"end":{"line":176,"column":25}},"115":{"start":{"line":178,"column":8},"end":{"line":180,"column":9}},"116":{"start":{"line":179,"column":12},"end":{"line":179,"column":25}},"117":{"start":{"line":181,"column":8},"end":{"line":183,"column":9}},"118":{"start":{"line":182,"column":12},"end":{"line":182,"column":25}},"119":{"start":{"line":184,"column":8},"end":{"line":184,"column":20}},"120":{"start":{"line":187,"column":8},"end":{"line":189,"column":9}},"121":{"start":{"line":188,"column":12},"end":{"line":188,"column":77}},"122":{"start":{"line":190,"column":8},"end":{"line":192,"column":9}},"123":{"start":{"line":191,"column":12},"end":{"line":191,"column":122}},"124":{"start":{"line":193,"column":8},"end":{"line":195,"column":9}},"125":{"start":{"line":194,"column":12},"end":{"line":194,"column":102}},"126":{"start":{"line":199,"column":8},"end":{"line":204,"column":9}},"127":{"start":{"line":200,"column":12},"end":{"line":200,"column":53}},"128":{"start":{"line":203,"column":12},"end":{"line":203,"column":113}},"129":{"start":{"line":206,"column":8},"end":{"line":211,"column":9}},"130":{"start":{"line":207,"column":12},"end":{"line":207,"column":49}},"131":{"start":{"line":210,"column":12},"end":{"line":210,"column":108}},"132":{"start":{"line":212,"column":8},"end":{"line":212,"column":19}},"133":{"start":{"line":215,"column":25},"end":{"line":215,"column":62}},"134":{"start":{"line":216,"column":8},"end":{"line":221,"column":9}},"135":{"start":{"line":217,"column":12},"end":{"line":217,"column":50}},"136":{"start":{"line":220,"column":12},"end":{"line":220,"column":95}},"137":{"start":{"line":224,"column":24},"end":{"line":224,"column":45}},"138":{"start":{"line":225,"column":8},"end":{"line":227,"column":9}},"139":{"start":{"line":226,"column":12},"end":{"line":226,"column":27}},"140":{"start":{"line":228,"column":25},"end":{"line":228,"column":62}},"141":{"start":{"line":229,"column":8},"end":{"line":241,"column":9}},"142":{"start":{"line":230,"column":36},"end":{"line":230,"column":63}},"143":{"start":{"line":231,"column":12},"end":{"line":237,"column":13}},"144":{"start":{"line":232,"column":16},"end":{"line":232,"column":55}},"145":{"start":{"line":233,"column":16},"end":{"line":233,"column":39}},"146":{"start":{"line":236,"column":16},"end":{"line":236,"column":117}},"147":{"start":{"line":240,"column":12},"end":{"line":240,"column":109}},"148":{"start":{"line":244,"column":0},"end":{"line":244,"column":32}}},"fnMap":{"0":{"name":"(anonymous_0)","decl":{"start":{"line":2,"column":74},"end":{"line":2,"column":75}},"loc":{"start":{"line":2,"column":96},"end":{"line":9,"column":1}},"line":2},"1":{"name":"(anonymous_1)","decl":{"start":{"line":6,"column":38},"end":{"line":6,"column":39}},"loc":{"start":{"line":6,"column":49},"end":{"line":6,"column":65}},"line":6},"2":{"name":"(anonymous_2)","decl":{"start":{"line":9,"column":6},"end":{"line":9,"column":7}},"loc":{"start":{"line":9,"column":28},"end":{"line":12,"column":1}},"line":9},"3":{"name":"(anonymous_3)","decl":{"start":{"line":13,"column":80},"end":{"line":13,"column":81}},"loc":{"start":{"line":13,"column":95},"end":{"line":15,"column":1}},"line":13},"4":{"name":"(anonymous_4)","decl":{"start":{"line":15,"column":5},"end":{"line":15,"column":6}},"loc":{"start":{"line":15,"column":20},"end":{"line":17,"column":1}},"line":15},"5":{"name":"(anonymous_5)","decl":{"start":{"line":18,"column":50},"end":{"line":18,"column":51}},"loc":{"start":{"line":18,"column":65},"end":{"line":24,"column":1}},"line":18},"6":{"name":"(anonymous_6)","decl":{"start":{"line":40,"column":4},"end":{"line":40,"column":5}},"loc":{"start":{"line":40,"column":18},"end":{"line":45,"column":5}},"line":40},"7":{"name":"(anonymous_7)","decl":{"start":{"line":42,"column":53},"end":{"line":42,"column":54}},"loc":{"start":{"line":42,"column":65},"end":{"line":44,"column":9}},"line":42},"8":{"name":"(anonymous_8)","decl":{"start":{"line":46,"column":4},"end":{"line":46,"column":5}},"loc":{"start":{"line":46,"column":33},"end":{"line":64,"column":5}},"line":46},"9":{"name":"(anonymous_9)","decl":{"start":{"line":49,"column":43},"end":{"line":49,"column":44}},"loc":{"start":{"line":49,"column":53},"end":{"line":49,"column":75}},"line":49},"10":{"name":"(anonymous_10)","decl":{"start":{"line":50,"column":50},"end":{"line":50,"column":51}},"loc":{"start":{"line":50,"column":66},"end":{"line":59,"column":13}},"line":50},"11":{"name":"(anonymous_11)","decl":{"start":{"line":65,"column":4},"end":{"line":65,"column":5}},"loc":{"start":{"line":65,"column":40},"end":{"line":84,"column":5}},"line":65},"12":{"name":"(anonymous_12)","decl":{"start":{"line":85,"column":4},"end":{"line":85,"column":5}},"loc":{"start":{"line":85,"column":42},"end":{"line":109,"column":5}},"line":85},"13":{"name":"(anonymous_13)","decl":{"start":{"line":110,"column":4},"end":{"line":110,"column":5}},"loc":{"start":{"line":110,"column":28},"end":{"line":132,"column":5}},"line":110},"14":{"name":"(anonymous_14)","decl":{"start":{"line":133,"column":4},"end":{"line":133,"column":5}},"loc":{"start":{"line":133,"column":25},"end":{"line":144,"column":5}},"line":133},"15":{"name":"(anonymous_15)","decl":{"start":{"line":145,"column":4},"end":{"line":145,"column":5}},"loc":{"start":{"line":145,"column":31},"end":{"line":173,"column":5}},"line":145},"16":{"name":"(anonymous_16)","decl":{"start":{"line":174,"column":4},"end":{"line":174,"column":5}},"loc":{"start":{"line":174,"column":18},"end":{"line":185,"column":5}},"line":174},"17":{"name":"(anonymous_17)","decl":{"start":{"line":186,"column":4},"end":{"line":186,"column":5}},"loc":{"start":{"line":186,"column":39},"end":{"line":196,"column":5}},"line":186},"18":{"name":"(anonymous_18)","decl":{"start":{"line":197,"column":4},"end":{"line":197,"column":5}},"loc":{"start":{"line":197,"column":36},"end":{"line":213,"column":5}},"line":197},"19":{"name":"(anonymous_19)","decl":{"start":{"line":214,"column":4},"end":{"line":214,"column":5}},"loc":{"start":{"line":214,"column":38},"end":{"line":222,"column":5}},"line":214},"20":{"name":"(anonymous_20)","decl":{"start":{"line":223,"column":4},"end":{"line":223,"column":5}},"loc":{"start":{"line":223,"column":25},"end":{"line":242,"column":5}},"line":223}},"branchMap":{"0":{"loc":{"start":{"line":2,"column":22},"end":{"line":12,"column":3}},"type":"binary-expr","locations":[{"start":{"line":2,"column":23},"end":{"line":2,"column":27}},{"start":{"line":2,"column":31},"end":{"line":2,"column":51}},{"start":{"line":2,"column":57},"end":{"line":12,"column":2}}],"line":2},"1":{"loc":{"start":{"line":2,"column":57},"end":{"line":12,"column":2}},"type":"cond-expr","locations":[{"start":{"line":2,"column":74},"end":{"line":9,"column":1}},{"start":{"line":9,"column":6},"end":{"line":12,"column":1}}],"line":2},"2":{"loc":{"start":{"line":3,"column":4},"end":{"line":3,"column":33}},"type":"if","locations":[{"start":{"line":3,"column":4},"end":{"line":3,"column":33}},{"start":{"line":3,"column":4},"end":{"line":3,"column":33}}],"line":3},"3":{"loc":{"start":{"line":5,"column":4},"end":{"line":7,"column":5}},"type":"if","locations":[{"start":{"line":5,"column":4},"end":{"line":7,"column":5}},{"start":{"line":5,"column":4},"end":{"line":7,"column":5}}],"line":5},"4":{"loc":{"start":{"line":5,"column":8},"end":{"line":5,"column":85}},"type":"binary-expr","locations":[{"start":{"line":5,"column":8},"end":{"line":5,"column":13}},{"start":{"line":5,"column":18},"end":{"line":5,"column":84}}],"line":5},"5":{"loc":{"start":{"line":5,"column":18},"end":{"line":5,"column":84}},"type":"cond-expr","locations":[{"start":{"line":5,"column":34},"end":{"line":5,"column":47}},{"start":{"line":5,"column":50},"end":{"line":5,"column":84}}],"line":5},"6":{"loc":{"start":{"line":5,"column":50},"end":{"line":5,"column":84}},"type":"binary-expr","locations":[{"start":{"line":5,"column":50},"end":{"line":5,"column":63}},{"start":{"line":5,"column":67},"end":{"line":5,"column":84}}],"line":5},"7":{"loc":{"start":{"line":10,"column":4},"end":{"line":10,"column":33}},"type":"if","locations":[{"start":{"line":10,"column":4},"end":{"line":10,"column":33}},{"start":{"line":10,"column":4},"end":{"line":10,"column":33}}],"line":10},"8":{"loc":{"start":{"line":13,"column":25},"end":{"line":17,"column":2}},"type":"binary-expr","locations":[{"start":{"line":13,"column":26},"end":{"line":13,"column":30}},{"start":{"line":13,"column":34},"end":{"line":13,"column":57}},{"start":{"line":13,"column":63},"end":{"line":17,"column":1}}],"line":13},"9":{"loc":{"start":{"line":13,"column":63},"end":{"line":17,"column":1}},"type":"cond-expr","locations":[{"start":{"line":13,"column":80},"end":{"line":15,"column":1}},{"start":{"line":15,"column":5},"end":{"line":17,"column":1}}],"line":13},"10":{"loc":{"start":{"line":18,"column":19},"end":{"line":24,"column":1}},"type":"binary-expr","locations":[{"start":{"line":18,"column":20},"end":{"line":18,"column":24}},{"start":{"line":18,"column":28},"end":{"line":18,"column":45}},{"start":{"line":18,"column":50},"end":{"line":24,"column":1}}],"line":18},"11":{"loc":{"start":{"line":19,"column":4},"end":{"line":19,"column":42}},"type":"if","locations":[{"start":{"line":19,"column":4},"end":{"line":19,"column":42}},{"start":{"line":19,"column":4},"end":{"line":19,"column":42}}],"line":19},"12":{"loc":{"start":{"line":19,"column":8},"end":{"line":19,"column":29}},"type":"binary-expr","locations":[{"start":{"line":19,"column":8},"end":{"line":19,"column":11}},{"start":{"line":19,"column":15},"end":{"line":19,"column":29}}],"line":19},"13":{"loc":{"start":{"line":21,"column":4},"end":{"line":21,"column":141}},"type":"if","locations":[{"start":{"line":21,"column":4},"end":{"line":21,"column":141}},{"start":{"line":21,"column":4},"end":{"line":21,"column":141}}],"line":21},"14":{"loc":{"start":{"line":21,"column":40},"end":{"line":21,"column":141}},"type":"if","locations":[{"start":{"line":21,"column":40},"end":{"line":21,"column":141}},{"start":{"line":21,"column":40},"end":{"line":21,"column":141}}],"line":21},"15":{"loc":{"start":{"line":21,"column":44},"end":{"line":21,"column":107}},"type":"binary-expr","locations":[{"start":{"line":21,"column":44},"end":{"line":21,"column":59}},{"start":{"line":21,"column":63},"end":{"line":21,"column":107}}],"line":21},"16":{"loc":{"start":{"line":77,"column":12},"end":{"line":81,"column":13}},"type":"if","locations":[{"start":{"line":77,"column":12},"end":{"line":81,"column":13}},{"start":{"line":77,"column":12},"end":{"line":81,"column":13}}],"line":77},"17":{"loc":{"start":{"line":87,"column":8},"end":{"line":107,"column":9}},"type":"if","locations":[{"start":{"line":87,"column":8},"end":{"line":107,"column":9}},{"start":{"line":87,"column":8},"end":{"line":107,"column":9}}],"line":87},"18":{"loc":{"start":{"line":96,"column":13},"end":{"line":107,"column":9}},"type":"if","locations":[{"start":{"line":96,"column":13},"end":{"line":107,"column":9}},{"start":{"line":96,"column":13},"end":{"line":107,"column":9}}],"line":96},"19":{"loc":{"start":{"line":111,"column":8},"end":{"line":113,"column":9}},"type":"if","locations":[{"start":{"line":111,"column":8},"end":{"line":113,"column":9}},{"start":{"line":111,"column":8},"end":{"line":113,"column":9}}],"line":111},"20":{"loc":{"start":{"line":114,"column":8},"end":{"line":122,"column":9}},"type":"if","locations":[{"start":{"line":114,"column":8},"end":{"line":122,"column":9}},{"start":{"line":114,"column":8},"end":{"line":122,"column":9}}],"line":114},"21":{"loc":{"start":{"line":152,"column":8},"end":{"line":162,"column":9}},"type":"if","locations":[{"start":{"line":152,"column":8},"end":{"line":162,"column":9}},{"start":{"line":152,"column":8},"end":{"line":162,"column":9}}],"line":152},"22":{"loc":{"start":{"line":152,"column":12},"end":{"line":152,"column":93}},"type":"binary-expr","locations":[{"start":{"line":152,"column":12},"end":{"line":152,"column":73}},{"start":{"line":152,"column":77},"end":{"line":152,"column":93}}],"line":152},"23":{"loc":{"start":{"line":156,"column":13},"end":{"line":162,"column":9}},"type":"if","locations":[{"start":{"line":156,"column":13},"end":{"line":162,"column":9}},{"start":{"line":156,"column":13},"end":{"line":162,"column":9}}],"line":156},"24":{"loc":{"start":{"line":156,"column":17},"end":{"line":156,"column":92}},"type":"binary-expr","locations":[{"start":{"line":156,"column":17},"end":{"line":156,"column":75}},{"start":{"line":156,"column":79},"end":{"line":156,"column":92}}],"line":156},"25":{"loc":{"start":{"line":168,"column":8},"end":{"line":170,"column":9}},"type":"if","locations":[{"start":{"line":168,"column":8},"end":{"line":170,"column":9}},{"start":{"line":168,"column":8},"end":{"line":170,"column":9}}],"line":168},"26":{"loc":{"start":{"line":175,"column":8},"end":{"line":177,"column":9}},"type":"if","locations":[{"start":{"line":175,"column":8},"end":{"line":177,"column":9}},{"start":{"line":175,"column":8},"end":{"line":177,"column":9}}],"line":175},"27":{"loc":{"start":{"line":175,"column":12},"end":{"line":175,"column":41}},"type":"binary-expr","locations":[{"start":{"line":175,"column":12},"end":{"line":175,"column":15}},{"start":{"line":175,"column":19},"end":{"line":175,"column":41}}],"line":175},"28":{"loc":{"start":{"line":178,"column":8},"end":{"line":180,"column":9}},"type":"if","locations":[{"start":{"line":178,"column":8},"end":{"line":180,"column":9}},{"start":{"line":178,"column":8},"end":{"line":180,"column":9}}],"line":178},"29":{"loc":{"start":{"line":181,"column":8},"end":{"line":183,"column":9}},"type":"if","locations":[{"start":{"line":181,"column":8},"end":{"line":183,"column":9}},{"start":{"line":181,"column":8},"end":{"line":183,"column":9}}],"line":181},"30":{"loc":{"start":{"line":187,"column":8},"end":{"line":189,"column":9}},"type":"if","locations":[{"start":{"line":187,"column":8},"end":{"line":189,"column":9}},{"start":{"line":187,"column":8},"end":{"line":189,"column":9}}],"line":187},"31":{"loc":{"start":{"line":190,"column":8},"end":{"line":192,"column":9}},"type":"if","locations":[{"start":{"line":190,"column":8},"end":{"line":192,"column":9}},{"start":{"line":190,"column":8},"end":{"line":192,"column":9}}],"line":190},"32":{"loc":{"start":{"line":190,"column":12},"end":{"line":190,"column":119}},"type":"binary-expr","locations":[{"start":{"line":190,"column":12},"end":{"line":190,"column":65}},{"start":{"line":190,"column":69},"end":{"line":190,"column":119}}],"line":190},"33":{"loc":{"start":{"line":193,"column":8},"end":{"line":195,"column":9}},"type":"if","locations":[{"start":{"line":193,"column":8},"end":{"line":195,"column":9}},{"start":{"line":193,"column":8},"end":{"line":195,"column":9}}],"line":193},"34":{"loc":{"start":{"line":225,"column":8},"end":{"line":227,"column":9}},"type":"if","locations":[{"start":{"line":225,"column":8},"end":{"line":227,"column":9}},{"start":{"line":225,"column":8},"end":{"line":227,"column":9}}],"line":225},"35":{"loc":{"start":{"line":231,"column":12},"end":{"line":237,"column":13}},"type":"if","locations":[{"start":{"line":231,"column":12},"end":{"line":237,"column":13}},{"start":{"line":231,"column":12},"end":{"line":237,"column":13}}],"line":231},"36":{"loc":{"start":{"line":231,"column":16},"end":{"line":231,"column":77}},"type":"binary-expr","locations":[{"start":{"line":231,"column":16},"end":{"line":231,"column":36}},{"start":{"line":231,"column":40},"end":{"line":231,"column":77}}],"line":231}},"s":{"0":1,"1":164,"2":164,"3":164,"4":164,"5":164,"6":90,"7":164,"8":0,"9":0,"10":0,"11":1,"12":2,"13":0,"14":1,"15":2,"16":0,"17":2,"18":2,"19":2,"20":164,"21":164,"22":2,"23":2,"24":1,"25":1,"26":1,"27":1,"28":1,"29":1,"30":1,"31":1,"32":1,"33":1,"34":1,"35":22,"36":22,"37":22,"38":22,"39":22,"40":22,"41":22,"42":0,"43":22,"44":0,"45":0,"46":0,"47":0,"48":0,"49":22,"50":22,"51":22,"52":22,"53":19,"54":18,"55":10,"56":10,"57":10,"58":10,"59":12,"60":0,"61":0,"62":0,"63":12,"64":18,"65":16,"66":13,"67":9,"68":2,"69":2,"70":1,"71":1,"72":0,"73":10,"74":4,"75":2,"76":2,"77":1,"78":1,"79":1,"80":1,"81":1,"82":1,"83":1,"84":0,"85":1,"86":1,"87":3,"88":3,"89":3,"90":2,"91":3,"92":34,"93":34,"94":29,"95":29,"96":29,"97":29,"98":25,"99":25,"100":4,"101":4,"102":4,"103":0,"104":29,"105":11,"106":11,"107":11,"108":9,"109":9,"110":1,"111":8,"112":8,"113":26,"114":2,"115":24,"116":0,"117":24,"118":2,"119":22,"120":22,"121":2,"122":20,"123":0,"124":20,"125":1,"126":19,"127":19,"128":0,"129":19,"130":19,"131":1,"132":18,"133":10,"134":10,"135":10,"136":0,"137":29,"138":29,"139":29,"140":0,"141":0,"142":0,"143":0,"144":0,"145":0,"146":0,"147":0,"148":1},"f":{"0":164,"1":90,"2":0,"3":2,"4":0,"5":2,"6":22,"7":22,"8":22,"9":0,"10":0,"11":22,"12":18,"13":4,"14":3,"15":34,"16":26,"17":22,"18":19,"19":10,"20":29},"b":{"0":[1,1,1],"1":[1,0],"2":[164,0],"3":[164,0],"4":[164,164],"5":[0,164],"6":[164,0],"7":[0,0],"8":[1,1,1],"9":[1,0],"10":[1,1,1],"11":[0,2],"12":[2,2],"13":[2,0],"14":[164,0],"15":[164,164],"16":[0,12],"17":[16,2],"18":[2,0],"19":[2,2],"20":[1,1],"21":[25,4],"22":[29,25],"23":[4,0],"24":[4,4],"25":[1,8],"26":[2,24],"27":[26,25],"28":[0,24],"29":[2,22],"30":[2,20],"31":[0,20],"32":[20,2],"33":[1,19],"34":[29,0],"35":[0,0],"36":[0,0]},"inputSourceMap":{"version":3,"file":"/Users/BillyOrr/Desktop/project_team117/src/controller/InsightFacade.ts","sources":["/Users/BillyOrr/Desktop/project_team117/src/controller/InsightFacade.ts"],"names":[],"mappings":";;;;;;;;;;;;;;;;;;;;;;;;;;AAEA,qDAQ0B;AAC1B,+BAAgC;AAChC,6CAA+B;AAC/B,2CAA6B;AAC7B,2CAAyE;AACzE,6CAA+C;AAE/C,iDAAiF;AAEjF,2DAA4E;AAC5E,6DAA0E;AAkB1E,MAAqB,aAAa;IACzB,QAAQ,GAAG,IAAI,GAAG,EAAmB,CAAC;IACtC,OAAO,CAAS;IAChB,KAAK,CAAgB;IAE7B;QACC,IAAI,CAAC,OAAO,GAAG,IAAI,CAAC,IAAI,CAAC,OAAO,CAAC,GAAG,EAAE,EAAE,MAAM,CAAC,CAAC;QAChD,IAAI,CAAC,KAAK,GAAG,EAAE,CAAC,SAAS,CAAC,IAAI,CAAC,OAAO,CAAC,CAAC,IAAI,CAAC,KAAK,IAAI,EAAE;YACvD,MAAM,IAAI,CAAC,oBAAoB,EAAE,CAAC;QACnC,CAAC,CAAC,CAAC;IACJ,CAAC;IAEO,KAAK,CAAC,oBAAoB;QACjC,IAAI;YACH,MAAM,KAAK,GAAG,MAAM,EAAE,CAAC,OAAO,CAAC,IAAI,CAAC,OAAO,CAAC,CAAC;YAC7C,MAAM,SAAS,GAAG,KAAK,CAAC,MAAM,CAAC,CAAC,IAAI,EAAE,EAAE,CAAC,IAAI,CAAC,QAAQ,CAAC,OAAO,CAAC,CAAC,CAAC;YAEjE,MAAM,eAAe,GAAG,SAAS,CAAC,GAAG,CAAC,KAAK,EAAE,IAAI,EAAE,EAAE;gBACpD,MAAM,QAAQ,GAAG,IAAI,CAAC,IAAI,CAAC,IAAI,CAAC,OAAO,EAAE,IAAI,CAAC,CAAC;gBAC/C,IAAI;oBACH,MAAM,OAAO,GAAG,MAAM,EAAE,CAAC,QAAQ,CAAC,QAAQ,CAAC,CAAC;oBAC5C,MAAM,EAAE,GAAG,IAAI,CAAC,QAAQ,CAAC,IAAI,EAAE,OAAO,CAAC,CAAC;oBACxC,IAAI,CAAC,QAAQ,CAAC,GAAG,CAAC,EAAE,EAAE,OAAO,CAAC,CAAC;iBAC/B;gBAAC,MAAM;iBAEP;YACF,CAAC,CAAC,CAAC;YAEH,MAAM,OAAO,CAAC,GAAG,CAAC,eAAe,CAAC,CAAC;SACnC;QAAC,MAAM;SAEP;IACF,CAAC;IAMM,KAAK,CAAC,UAAU,CAAC,EAAU,EAAE,OAAe,EAAE,IAAwB;QAC5E,IAAI,YAAY,GAAG,KAAK,CAAC;QACzB,IAAI;YAEH,IAAI,CAAC,wBAAwB,CAAC,EAAE,EAAE,IAAI,CAAC,CAAC;YAGxC,MAAM,GAAG,GAAG,MAAM,IAAI,CAAC,gBAAgB,CAAC,OAAO,CAAC,CAAC;YAGjD,MAAM,OAAO,GAAG,MAAM,IAAI,CAAC,oBAAoB,CAAC,IAAI,EAAE,GAAG,CAAC,CAAC;YAG3D,IAAI,CAAC,QAAQ,CAAC,GAAG,CAAC,EAAE,EAAE,OAAO,CAAC,CAAC;YAC/B,YAAY,GAAG,IAAI,CAAC;YAGpB,MAAM,IAAI,CAAC,cAAc,CAAC,EAAE,EAAE,OAAO,CAAC,CAAC;YAGvC,OAAO,KAAK,CAAC,IAAI,CAAC,IAAI,CAAC,QAAQ,CAAC,IAAI,EAAE,CAAC,CAAC;SACxC;QAAC,OAAO,CAAC,EAAE;YAEX,IAAI,YAAY,EAAE;gBACjB,IAAI,CAAC,QAAQ,CAAC,MAAM,CAAC,EAAE,CAAC,CAAC;gBAEzB,MAAM,QAAQ,GAAG,IAAI,CAAC,IAAI,CAAC,IAAI,CAAC,OAAO,EAAE,GAAG,EAAE,OAAO,CAAC,CAAC;gBACvD,MAAM,EAAE,CAAC,MAAM,CAAC,QAAQ,CAAC,CAAC;aAC1B;YACD,OAAO,OAAO,CAAC,MAAM,CAAC,CAAC,CAAC,CAAC;SACzB;IACF,CAAC;IAGO,KAAK,CAAC,oBAAoB,CAAC,IAAwB,EAAE,GAAU;QACtE,IAAI,OAAgB,CAAC;QAErB,IAAI,IAAI,KAAK,mCAAkB,CAAC,QAAQ,EAAE;YAEzC,MAAM,WAAW,GAAG,IAAA,yBAAc,EAAC,GAAG,CAAC,CAAC;YAGxC,MAAM,QAAQ,GAAG,MAAM,IAAA,6BAAkB,EAAC,WAAW,CAAC,CAAC;YAEvD,OAAO,GAAG;gBACT,IAAI,EAAE,IAAI;gBACV,QAAQ,EAAE,QAAQ;gBAClB,OAAO,EAAE,QAAQ,CAAC,MAAM;aACxB,CAAC;SACF;aAAM,IAAI,IAAI,KAAK,mCAAkB,CAAC,KAAK,EAAE;YAE7C,MAAM,SAAS,GAAG,MAAM,IAAA,yBAAY,EAAC,GAAG,CAAC,CAAC;YAG1C,MAAM,KAAK,GAAG,MAAM,IAAA,6BAAgB,EAAC,SAAS,CAAC,CAAC;YAEhD,OAAO,GAAG;gBACT,IAAI,EAAE,IAAI;gBACV,KAAK,EAAE,KAAK;gBACZ,OAAO,EAAE,KAAK,CAAC,MAAM;aACrB,CAAC;SACF;aAAM;YACN,MAAM,IAAI,6BAAY,CAAC,qCAAqC,CAAC,CAAC;SAC9D;QAED,OAAO,OAAO,CAAC;IAChB,CAAC;IAMM,KAAK,CAAC,aAAa,CAAC,EAAU;QAEpC,IAAI,CAAC,IAAI,CAAC,SAAS,CAAC,EAAE,CAAC,EAAE;YACxB,OAAO,OAAO,CAAC,MAAM,CAAC,IAAI,6BAAY,CAAC,uBAAuB,CAAC,CAAC,CAAC;SACjE;QAGD,IAAI,CAAC,IAAI,CAAC,QAAQ,CAAC,GAAG,CAAC,EAAE,CAAC,EAAE;YAE3B,MAAM,QAAQ,GAAG,IAAI,CAAC,IAAI,CAAC,IAAI,CAAC,OAAO,EAAE,GAAG,EAAE,OAAO,CAAC,CAAC;YACvD,IAAI;gBACH,MAAM,EAAE,CAAC,MAAM,CAAC,QAAQ,CAAC,CAAC;aAC1B;YAAC,MAAM;gBAEP,OAAO,OAAO,CAAC,MAAM,CAAC,IAAI,8BAAa,CAAC,oBAAoB,EAAE,wBAAwB,CAAC,CAAC,CAAC;aACzF;SACD;QAGD,IAAI;YACH,MAAM,QAAQ,GAAG,IAAI,CAAC,IAAI,CAAC,IAAI,CAAC,OAAO,EAAE,GAAG,EAAE,OAAO,CAAC,CAAC;YACvD,MAAM,EAAE,CAAC,MAAM,CAAC,QAAQ,CAAC,CAAC;SAC1B;QAAC,MAAM;YACP,OAAO,OAAO,CAAC,MAAM,CAAC,IAAI,6BAAY,CAAC,0CAA0C,CAAC,CAAC,CAAC;SACpF;QAGD,IAAI,CAAC,QAAQ,CAAC,MAAM,CAAC,EAAE,CAAC,CAAC;QAGzB,OAAO,OAAO,CAAC,OAAO,CAAC,EAAE,CAAC,CAAC;IAC5B,CAAC;IAMM,KAAK,CAAC,YAAY;QACxB,MAAM,IAAI,CAAC,KAAK,CAAC;QACjB,MAAM,YAAY,GAAqB,EAAE,CAAC;QAE1C,KAAK,MAAM,CAAC,EAAE,EAAE,OAAO,CAAC,IAAI,IAAI,CAAC,QAAQ,EAAE;YAC1C,YAAY,CAAC,IAAI,CAAC;gBACjB,EAAE,EAAE,EAAE;gBACN,IAAI,EAAE,OAAO,CAAC,IAAI;gBAClB,OAAO,EAAE,OAAO,CAAC,OAAO;aACxB,CAAC,CAAC;SACH;QAED,OAAO,YAAY,CAAC;IACrB,CAAC;IAMM,KAAK,CAAC,YAAY,CAAC,MAAe;QACxC,MAAM,IAAI,CAAC,KAAK,CAAC;QACjB,IAAA,oBAAY,EAAC,MAAM,CAAC,CAAC;QACrB,MAAM,KAAK,GAAG,MAAe,CAAC;QAC9B,iBAAS,GAAG,KAAK,CAAC,OAAO,CAAC,OAAO,CAAC,CAAC,CAAC,CAAC,KAAK,CAAC,GAAG,CAAC,CAAC,CAAC,CAAC,CAAC;QAGnD,MAAM,OAAO,GAAG,MAAM,IAAI,CAAC,UAAU,CAAC,iBAAS,CAAC,CAAC;QAGjD,IAAI,WAAkB,CAAC;QACvB,IAAI,OAAO,CAAC,IAAI,KAAK,mCAAkB,CAAC,QAAQ,IAAI,OAAO,CAAC,QAAQ,EAAE;YACrE,WAAW,GAAG,OAAO,CAAC,QAAQ,CAAC;YAC/B,YAAI,GAAG,UAAU,CAAC;SAClB;aAAM,IAAI,OAAO,CAAC,IAAI,KAAK,mCAAkB,CAAC,KAAK,IAAI,OAAO,CAAC,KAAK,EAAE;YACtE,WAAW,GAAG,OAAO,CAAC,KAAK,CAAC;YAC5B,YAAI,GAAG,OAAO,CAAC;SACf;aAAM;YACN,MAAM,IAAI,6BAAY,CAAC,4CAA4C,CAAC,CAAC;SACrE;QAED,MAAM,WAAW,GAAG,IAAA,kBAAU,EAAC,KAAK,EAAE,WAAW,EAAE,YAAI,CAAC,CAAC;QAEzD,MAAM,YAAY,GAAG,IAAA,oBAAW,EAAC,WAAW,CAAC,CAAC;QAC9C,MAAM,aAAa,GAAG,IAAA,oCAAmB,EAAC,WAAW,EAAE,YAAY,CAAC,CAAC;QACrE,MAAM,WAAW,GAAG,IAAA,oBAAY,EAAC,WAAW,EAAE,aAAa,CAAC,CAAC;QAE7D,MAAM,aAAa,GAAG,IAAI,CAAC;QAC3B,IAAI,WAAW,CAAC,MAAM,GAAG,aAAa,EAAE;YACvC,MAAM,IAAI,oCAAmB,CAAC,wBAAwB,CAAC,CAAC;SACxD;QACD,0BAAS,CAAC,MAAM,GAAG,CAAC,CAAC;QACrB,OAAO,WAAW,CAAC;IACpB,CAAC;IAMO,SAAS,CAAC,EAAU;QAC3B,IAAI,CAAC,EAAE,IAAI,EAAE,CAAC,IAAI,EAAE,CAAC,MAAM,KAAK,CAAC,EAAE;YAClC,OAAO,KAAK,CAAC;SACb;QAED,IAAI,IAAI,CAAC,IAAI,CAAC,EAAE,CAAC,EAAE;YAClB,OAAO,KAAK,CAAC;SACb;QAED,IAAI,GAAG,CAAC,IAAI,CAAC,EAAE,CAAC,EAAE;YACjB,OAAO,KAAK,CAAC;SACb;QACD,OAAO,IAAI,CAAC;IACb,CAAC;IAEO,wBAAwB,CAAC,EAAU,EAAE,IAAwB;QACpE,IAAI,CAAC,IAAI,CAAC,SAAS,CAAC,EAAE,CAAC,EAAE;YACxB,MAAM,IAAI,6BAAY,CAAC,uBAAuB,CAAC,CAAC;SAChD;QAED,IAAI,IAAI,KAAK,mCAAkB,CAAC,QAAQ,IAAI,IAAI,KAAK,mCAAkB,CAAC,KAAK,EAAE;YAC9E,MAAM,IAAI,6BAAY,CAAC,oEAAoE,CAAC,CAAC;SAC7F;QAED,IAAI,IAAI,CAAC,QAAQ,CAAC,GAAG,CAAC,EAAE,CAAC,EAAE;YAC1B,MAAM,IAAI,6BAAY,CAAC,gDAAgD,CAAC,CAAC;SACzE;IACF,CAAC;IAEO,KAAK,CAAC,gBAAgB,CAAC,OAAe;QAC7C,IAAI,OAAe,CAAC;QACpB,IAAI;YACH,OAAO,GAAG,MAAM,CAAC,IAAI,CAAC,OAAO,EAAE,QAAQ,CAAC,CAAC;SACzC;QAAC,OAAO,CAAC,EAAE;YACX,MAAM,IAAI,6BAAY,CAAC,wDAAwD,CAAC,EAAE,CAAC,CAAC;SACpF;QAED,IAAI,GAAU,CAAC;QACf,IAAI;YACH,GAAG,GAAG,MAAM,KAAK,CAAC,SAAS,CAAC,OAAO,CAAC,CAAC;SACrC;QAAC,OAAO,CAAC,EAAE;YACX,MAAM,IAAI,6BAAY,CAAC,mDAAmD,CAAC,EAAE,CAAC,CAAC;SAC/E;QAED,OAAO,GAAG,CAAC;IACZ,CAAC;IAEO,KAAK,CAAC,cAAc,CAAC,EAAU,EAAE,OAAY;QACpD,MAAM,QAAQ,GAAG,IAAI,CAAC,IAAI,CAAC,IAAI,CAAC,OAAO,EAAE,GAAG,EAAE,OAAO,CAAC,CAAC;QACvD,IAAI;YACH,MAAM,EAAE,CAAC,SAAS,CAAC,QAAQ,EAAE,OAAO,CAAC,CAAC;SACtC;QAAC,OAAO,CAAC,EAAE;YACX,MAAM,IAAI,6BAAY,CAAC,sCAAsC,CAAC,EAAE,CAAC,CAAC;SAClE;IACF,CAAC;IAEO,KAAK,CAAC,UAAU,CAAC,EAAU;QAClC,MAAM,OAAO,GAAG,IAAI,CAAC,QAAQ,CAAC,GAAG,CAAC,EAAE,CAAC,CAAC;QACtC,IAAI,OAAO,EAAE;YACZ,OAAO,OAAO,CAAC;SACf;QAGD,MAAM,QAAQ,GAAG,IAAI,CAAC,IAAI,CAAC,IAAI,CAAC,OAAO,EAAE,GAAG,EAAE,OAAO,CAAC,CAAC;QACvD,IAAI;YACH,MAAM,eAAe,GAAG,MAAM,EAAE,CAAC,QAAQ,CAAC,QAAQ,CAAC,CAAC;YAGpD,IAAI,eAAe,CAAC,IAAI,IAAI,eAAe,CAAC,OAAO,KAAK,SAAS,EAAE;gBAClE,IAAI,CAAC,QAAQ,CAAC,GAAG,CAAC,EAAE,EAAE,eAAe,CAAC,CAAC;gBACvC,OAAO,eAAe,CAAC;aACvB;iBAAM;gBACN,MAAM,IAAI,6BAAY,CAAC,oBAAoB,EAAE,qCAAqC,CAAC,CAAC;aACpF;SACD;QAAC,MAAM;YACP,MAAM,IAAI,6BAAY,CAAC,oBAAoB,EAAE,iCAAiC,CAAC,CAAC;SAChF;IACF,CAAC;CAGD;AA7RD,gCA6RC","sourcesContent":["// InsightFacade.ts\n\nimport {\n\tIInsightFacade,\n\tInsightDataset,\n\tInsightDatasetKind,\n\tInsightResult,\n\tInsightError,\n\tNotFoundError,\n\tResultTooLargeError,\n} from \"./IInsightFacade\";\nimport JSZip = require(\"jszip\"); // Import JSZip\nimport * as fs from \"fs-extra\"; // Import fs-extra\nimport * as path from \"path\"; // Import path\nimport { IsQueryValid, ParseQuery, ApplyOptions } from \"../models/Query\";\nimport { ApplyFilter } from \"../models/Filter\";\nimport { Query } from \"../models/QueryInterfaces\";\nimport { Section, getCourseFiles, processCourseFiles } from \"../models/Sections\"; // Import Section class and helpers\nimport { Room } from \"../models/rooms/Rooms\";\nimport { getRoomFiles, processRoomFiles } from \"../models/rooms/RoomParser\";\nimport { applyKeys, ApplyTransformation } from \"../models/Transformation\";\n//import { ApplyTransformation } from \"../models/Transformation\";\n\ninterface Dataset {\n\tkind: InsightDatasetKind;\n\tnumRows: number;\n\tsections?: Section[];\n\trooms?: Room[];\n}\n\nexport let DATASETID: string;\nexport let KIND: string;\n\n/**\n * This is the main programmatic entry point for the project.\n * Method documentation is in IInsightFacade\n *\n */\nexport default class InsightFacade implements IInsightFacade {\n\tprivate datasets = new Map<string, Dataset>();\n\tprivate dataDir: string;\n\tprivate ready: Promise<void>;\n\n\tconstructor() {\n\t\tthis.dataDir = path.join(process.cwd(), \"data\");\n\t\tthis.ready = fs.ensureDir(this.dataDir).then(async () => {\n\t\t\tawait this.loadDatasetsFromDisk();\n\t\t});\n\t}\n\n\tprivate async loadDatasetsFromDisk(): Promise<void> {\n\t\ttry {\n\t\t\tconst files = await fs.readdir(this.dataDir);\n\t\t\tconst jsonFiles = files.filter((file) => file.endsWith(\".json\"));\n\n\t\t\tconst datasetPromises = jsonFiles.map(async (file) => {\n\t\t\t\tconst filePath = path.join(this.dataDir, file);\n\t\t\t\ttry {\n\t\t\t\t\tconst dataset = await fs.readJson(filePath);\n\t\t\t\t\tconst id = path.basename(file, \".json\");\n\t\t\t\t\tthis.datasets.set(id, dataset);\n\t\t\t\t} catch {\n\t\t\t\t\t// Handle errors if necessary\n\t\t\t\t}\n\t\t\t});\n\n\t\t\tawait Promise.all(datasetPromises);\n\t\t} catch {\n\t\t\t// Handle errors if necessary\n\t\t}\n\t}\n\n\t//////////////////////////////////////////////////////////////////\n\t////////////////////////// addDataset() //////////////////////////\n\t//////////////////////////////////////////////////////////////////\n\n\tpublic async addDataset(id: string, content: string, kind: InsightDatasetKind): Promise<string[]> {\n\t\tlet datasetAdded = false; // Flag to indicate if dataset was added during this call\n\t\ttry {\n\t\t\t// Step 1: Validate inputs\n\t\t\tthis.validateAddDatasetInputs(id, kind);\n\n\t\t\t// Step 2: Decode zip content\n\t\t\tconst zip = await this.decodeZipContent(content);\n\n\t\t\t// Step 3: Process dataset based on the kind\n\t\t\tconst dataset = await this.processDatasetByKind(kind, zip);\n\n\t\t\t// Step 4: Store the dataset\n\t\t\tthis.datasets.set(id, dataset);\n\t\t\tdatasetAdded = true; // Dataset has been added\n\n\t\t\t// Step 5: Persist the dataset to disk\n\t\t\tawait this.persistDataset(id, dataset);\n\n\t\t\t// Step 6: Return list of dataset ids\n\t\t\treturn Array.from(this.datasets.keys());\n\t\t} catch (e) {\n\t\t\t// Only remove the dataset if it was added during this call\n\t\t\tif (datasetAdded) {\n\t\t\t\tthis.datasets.delete(id);\n\t\t\t\t// Also consider deleting the persisted file if necessary\n\t\t\t\tconst filePath = path.join(this.dataDir, `${id}.json`);\n\t\t\t\tawait fs.remove(filePath);\n\t\t\t}\n\t\t\treturn Promise.reject(e);\n\t\t}\n\t}\n\n\t// Combined helper to process dataset by kind\n\tprivate async processDatasetByKind(kind: InsightDatasetKind, zip: JSZip): Promise<Dataset> {\n\t\tlet dataset: Dataset;\n\n\t\tif (kind === InsightDatasetKind.Sections) {\n\t\t\t// Step 3a: Get course files\n\t\t\tconst courseFiles = getCourseFiles(zip);\n\n\t\t\t// Step 4a: Process course files\n\t\t\tconst sections = await processCourseFiles(courseFiles);\n\n\t\t\tdataset = {\n\t\t\t\tkind: kind,\n\t\t\t\tsections: sections,\n\t\t\t\tnumRows: sections.length,\n\t\t\t};\n\t\t} else if (kind === InsightDatasetKind.Rooms) {\n\t\t\t// Step 3b: Get room files\n\t\t\tconst roomFiles = await getRoomFiles(zip);\n\n\t\t\t// Step 4b: Process room files\n\t\t\tconst rooms = await processRoomFiles(roomFiles);\n\n\t\t\tdataset = {\n\t\t\t\tkind: kind,\n\t\t\t\trooms: rooms,\n\t\t\t\tnumRows: rooms.length,\n\t\t\t};\n\t\t} else {\n\t\t\tthrow new InsightError(\"Unsupported dataset kind - Team 117\");\n\t\t}\n\n\t\treturn dataset;\n\t}\n\n\t//////////////////////////////////////////////////////////////////\n\t///////////////////////// removeDataset() ////////////////////////\n\t//////////////////////////////////////////////////////////////////\n\n\tpublic async removeDataset(id: string): Promise<string> {\n\t\t// Validate id\n\t\tif (!this.isValidId(id)) {\n\t\t\treturn Promise.reject(new InsightError(\"Invalid id - Team 117\"));\n\t\t}\n\n\t\t// Check if dataset exists in memory\n\t\tif (!this.datasets.has(id)) {\n\t\t\t// Try to check if the dataset exists on disk\n\t\t\tconst filePath = path.join(this.dataDir, `${id}.json`);\n\t\t\ttry {\n\t\t\t\tawait fs.access(filePath);\n\t\t\t} catch {\n\t\t\t\t// Dataset does not exist\n\t\t\t\treturn Promise.reject(new NotFoundError(`Dataset with id \"${id}\" not found - Team 117`));\n\t\t\t}\n\t\t}\n\n\t\t// Remove the dataset file from disk\n\t\ttry {\n\t\t\tconst filePath = path.join(this.dataDir, `${id}.json`);\n\t\t\tawait fs.unlink(filePath);\n\t\t} catch {\n\t\t\treturn Promise.reject(new InsightError(`Failed to remove dataset file - Team 117`));\n\t\t}\n\n\t\t// Remove the dataset from the in-memory Map\n\t\tthis.datasets.delete(id);\n\n\t\t// Return the id of the removed dataset\n\t\treturn Promise.resolve(id);\n\t}\n\n\t//////////////////////////////////////////////////////////////////\n\t////////////////////////// listDatasets() ////////////////////////\n\t//////////////////////////////////////////////////////////////////\n\n\tpublic async listDatasets(): Promise<InsightDataset[]> {\n\t\tawait this.ready; // Ensure datasets are loaded\n\t\tconst datasetsList: InsightDataset[] = [];\n\n\t\tfor (const [id, dataset] of this.datasets) {\n\t\t\tdatasetsList.push({\n\t\t\t\tid: id,\n\t\t\t\tkind: dataset.kind,\n\t\t\t\tnumRows: dataset.numRows,\n\t\t\t});\n\t\t}\n\n\t\treturn datasetsList;\n\t}\n\n\t//////////////////////////////////////////////////////////////////\n\t///////////////////////// performQuery() /////////////////////////\n\t//////////////////////////////////////////////////////////////////\n\n\tpublic async performQuery(uquery: unknown): Promise<InsightResult[]> {\n\t\tawait this.ready; // Ensure datasets are loaded\n\t\tIsQueryValid(uquery); // Format check\n\t\tconst query = uquery as Query;\n\t\tDATASETID = query.OPTIONS.COLUMNS[0].split(\"_\")[0];\n\n\t\t// Load the dataset lazily\n\t\tconst dataset = await this.getDataset(DATASETID);\n\n\t\t// Determine if the dataset is sections or rooms\n\t\tlet dataToQuery: any[];\n\t\tif (dataset.kind === InsightDatasetKind.Sections && dataset.sections) {\n\t\t\tdataToQuery = dataset.sections;\n\t\t\tKIND = \"sections\";\n\t\t} else if (dataset.kind === InsightDatasetKind.Rooms && dataset.rooms) {\n\t\t\tdataToQuery = dataset.rooms;\n\t\t\tKIND = \"rooms\";\n\t\t} else {\n\t\t\tthrow new InsightError(\"Dataset does not exist or has invalid kind\");\n\t\t}\n\n\t\tconst queryObject = ParseQuery(query, dataToQuery, KIND); // Parse query to a query object\n\t\t//console.log(queryObject.transformation);\n\t\tconst filteredData = ApplyFilter(queryObject);\n\t\tconst transformData = ApplyTransformation(queryObject, filteredData);\n\t\tconst finalResult = ApplyOptions(queryObject, transformData);\n\n\t\tconst maximumNumber = 5000;\n\t\tif (finalResult.length > maximumNumber) {\n\t\t\tthrow new ResultTooLargeError(\"more than 5000 results\");\n\t\t}\n\t\tapplyKeys.length = 0;\n\t\treturn finalResult;\n\t}\n\n\t//////////////////////////////////////////////////////////////////\n\t///////////////////////////// Helpers ////////////////////////////\n\t//////////////////////////////////////////////////////////////////\n\n\tprivate isValidId(id: string): boolean {\n\t\tif (!id || id.trim().length === 0) {\n\t\t\treturn false;\n\t\t}\n\t\t// id cannot contain whitespace\n\t\tif (/\\s/.test(id)) {\n\t\t\treturn false;\n\t\t}\n\t\t// id cannot contain underscores\n\t\tif (/_/.test(id)) {\n\t\t\treturn false;\n\t\t}\n\t\treturn true;\n\t}\n\n\tprivate validateAddDatasetInputs(id: string, kind: InsightDatasetKind): void {\n\t\tif (!this.isValidId(id)) {\n\t\t\tthrow new InsightError(\"Invalid id - Team 117\");\n\t\t}\n\n\t\tif (kind !== InsightDatasetKind.Sections && kind !== InsightDatasetKind.Rooms) {\n\t\t\tthrow new InsightError(\"Invalid kind: Only 'sections' and 'rooms' are supported - Team 117\");\n\t\t}\n\n\t\tif (this.datasets.has(id)) {\n\t\t\tthrow new InsightError(\"Dataset with this id already exists - Team 117\");\n\t\t}\n\t}\n\n\tprivate async decodeZipContent(content: string): Promise<JSZip> {\n\t\tlet zipData: Buffer;\n\t\ttry {\n\t\t\tzipData = Buffer.from(content, \"base64\");\n\t\t} catch (e) {\n\t\t\tthrow new InsightError(`Failed to decode base64 content - Team 117. Error is ${e}`);\n\t\t}\n\n\t\tlet zip: JSZip;\n\t\ttry {\n\t\t\tzip = await JSZip.loadAsync(zipData);\n\t\t} catch (e) {\n\t\t\tthrow new InsightError(`Failed to load zip content - Team 117. Error is ${e}`);\n\t\t}\n\n\t\treturn zip;\n\t}\n\n\tprivate async persistDataset(id: string, dataset: any): Promise<void> {\n\t\tconst filePath = path.join(this.dataDir, `${id}.json`);\n\t\ttry {\n\t\t\tawait fs.writeJson(filePath, dataset);\n\t\t} catch (e) {\n\t\t\tthrow new InsightError(`Failed to persist dataset to disk: ${e}`);\n\t\t}\n\t}\n\n\tprivate async getDataset(id: string): Promise<Dataset> {\n\t\tconst dataset = this.datasets.get(id);\n\t\tif (dataset) {\n\t\t\treturn dataset; // Return the dataset if it's found in memory\n\t\t}\n\n\t\t// If the dataset is not in memory, try to load it from disk\n\t\tconst filePath = path.join(this.dataDir, `${id}.json`);\n\t\ttry {\n\t\t\tconst datasetFromDisk = await fs.readJson(filePath);\n\n\t\t\t// Validate the dataset structure\n\t\t\tif (datasetFromDisk.kind && datasetFromDisk.numRows !== undefined) {\n\t\t\t\tthis.datasets.set(id, datasetFromDisk); // Cache it in memory\n\t\t\t\treturn datasetFromDisk;\n\t\t\t} else {\n\t\t\t\tthrow new InsightError(`Dataset with id \"${id}\" has invalid structure. - Team 117`);\n\t\t\t}\n\t\t} catch {\n\t\t\tthrow new InsightError(`Dataset with id \"${id}\" not found on disk. - Team 117`);\n\t\t}\n\t}\n\n\t// Other helper methods remain here\n}\n"]},"_coverageSchema":"1a1c01bbd47fc00a2c39e90264f33305004495a9","hash":"3bc663e0e5e979330227ed77e437248a44ac5328","contentHash":"708d6401fbfdca197f9db6174d7387134a8af4ee56eb167b6c44dfb507032550"},"/Users/BillyOrr/Desktop/project_team117/src/models/Query.ts":{"path":"/Users/BillyOrr/Desktop/project_team117/src/models/Query.ts","statementMap":{"0":{"start":{"line":2,"column":0},"end":{"line":2,"column":62}},"1":{"start":{"line":3,"column":0},"end":{"line":3,"column":280}},"2":{"start":{"line":4,"column":25},"end":{"line":4,"column":64}},"3":{"start":{"line":5,"column":24},"end":{"line":5,"column":62}},"4":{"start":{"line":6,"column":17},"end":{"line":6,"column":36}},"5":{"start":{"line":7,"column":25},"end":{"line":7,"column":52}},"6":{"start":{"line":8,"column":0},"end":{"line":8,"column":46}},"7":{"start":{"line":9,"column":0},"end":{"line":9,"column":64}},"8":{"start":{"line":10,"column":0},"end":{"line":10,"column":47}},"9":{"start":{"line":12,"column":18},"end":{"line":12,"column":24}},"10":{"start":{"line":13,"column":4},"end":{"line":15,"column":5}},"11":{"start":{"line":14,"column":8},"end":{"line":14,"column":65}},"12":{"start":{"line":16,"column":4},"end":{"line":18,"column":5}},"13":{"start":{"line":17,"column":8},"end":{"line":17,"column":69}},"14":{"start":{"line":19,"column":4},"end":{"line":23,"column":5}},"15":{"start":{"line":20,"column":8},"end":{"line":22,"column":9}},"16":{"start":{"line":21,"column":12},"end":{"line":21,"column":127}},"17":{"start":{"line":24,"column":4},"end":{"line":26,"column":5}},"18":{"start":{"line":25,"column":8},"end":{"line":25,"column":68}},"19":{"start":{"line":27,"column":4},"end":{"line":29,"column":5}},"20":{"start":{"line":28,"column":8},"end":{"line":28,"column":81}},"21":{"start":{"line":30,"column":4},"end":{"line":32,"column":5}},"22":{"start":{"line":31,"column":8},"end":{"line":31,"column":70}},"23":{"start":{"line":33,"column":4},"end":{"line":33,"column":30}},"24":{"start":{"line":34,"column":4},"end":{"line":34,"column":16}},"25":{"start":{"line":36,"column":0},"end":{"line":36,"column":36}},"26":{"start":{"line":38,"column":18},"end":{"line":38,"column":24}},"27":{"start":{"line":39,"column":4},"end":{"line":41,"column":5}},"28":{"start":{"line":40,"column":8},"end":{"line":40,"column":87}},"29":{"start":{"line":42,"column":4},"end":{"line":46,"column":5}},"30":{"start":{"line":45,"column":8},"end":{"line":45,"column":69}},"31":{"start":{"line":47,"column":4},"end":{"line":52,"column":5}},"32":{"start":{"line":48,"column":8},"end":{"line":51,"column":9}},"33":{"start":{"line":50,"column":12},"end":{"line":50,"column":81}},"34":{"start":{"line":54,"column":0},"end":{"line":54,"column":46}},"35":{"start":{"line":56,"column":20},"end":{"line":56,"column":37}},"36":{"start":{"line":57,"column":27},"end":{"line":57,"column":48}},"37":{"start":{"line":58,"column":4},"end":{"line":75,"column":5}},"38":{"start":{"line":59,"column":8},"end":{"line":73,"column":9}},"39":{"start":{"line":60,"column":12},"end":{"line":64,"column":14}},"40":{"start":{"line":66,"column":13},"end":{"line":73,"column":9}},"41":{"start":{"line":67,"column":12},"end":{"line":72,"column":14}},"42":{"start":{"line":74,"column":8},"end":{"line":74,"column":77}},"43":{"start":{"line":76,"column":4},"end":{"line":76,"column":49}},"44":{"start":{"line":78,"column":0},"end":{"line":78,"column":32}},"45":{"start":{"line":80,"column":20},"end":{"line":80,"column":37}},"46":{"start":{"line":81,"column":22},"end":{"line":81,"column":60}},"47":{"start":{"line":82,"column":27},"end":{"line":82,"column":48}},"48":{"start":{"line":83,"column":19},"end":{"line":83,"column":78}},"49":{"start":{"line":84,"column":4},"end":{"line":100,"column":5}},"50":{"start":{"line":85,"column":8},"end":{"line":90,"column":10}},"51":{"start":{"line":92,"column":9},"end":{"line":100,"column":5}},"52":{"start":{"line":93,"column":8},"end":{"line":99,"column":10}},"53":{"start":{"line":101,"column":4},"end":{"line":101,"column":73}},"54":{"start":{"line":103,"column":0},"end":{"line":103,"column":42}},"55":{"start":{"line":105,"column":20},"end":{"line":105,"column":41}},"56":{"start":{"line":106,"column":18},"end":{"line":106,"column":37}},"57":{"start":{"line":107,"column":22},"end":{"line":113,"column":45}},"58":{"start":{"line":109,"column":8},"end":{"line":111,"column":9}},"59":{"start":{"line":110,"column":12},"end":{"line":110,"column":40}},"60":{"start":{"line":113,"column":26},"end":{"line":113,"column":44}},"61":{"start":{"line":114,"column":4},"end":{"line":116,"column":5}},"62":{"start":{"line":114,"column":34},"end":{"line":114,"column":54}},"63":{"start":{"line":115,"column":8},"end":{"line":115,"column":77}},"64":{"start":{"line":117,"column":25},"end":{"line":124,"column":6}},"65":{"start":{"line":118,"column":8},"end":{"line":123,"column":9}},"66":{"start":{"line":119,"column":12},"end":{"line":119,"column":40}},"67":{"start":{"line":122,"column":12},"end":{"line":122,"column":26}},"68":{"start":{"line":125,"column":4},"end":{"line":138,"column":5}},"69":{"start":{"line":126,"column":8},"end":{"line":128,"column":10}},"70":{"start":{"line":130,"column":9},"end":{"line":138,"column":5}},"71":{"start":{"line":131,"column":8},"end":{"line":133,"column":9}},"72":{"start":{"line":132,"column":12},"end":{"line":132,"column":75}},"73":{"start":{"line":134,"column":8},"end":{"line":137,"column":10}},"74":{"start":{"line":139,"column":4},"end":{"line":139,"column":61}},"75":{"start":{"line":141,"column":16},"end":{"line":141,"column":79}},"76":{"start":{"line":142,"column":16},"end":{"line":156,"column":1}},"77":{"start":{"line":158,"column":4},"end":{"line":160,"column":5}},"78":{"start":{"line":159,"column":8},"end":{"line":159,"column":79}},"79":{"start":{"line":161,"column":18},"end":{"line":161,"column":43}},"80":{"start":{"line":162,"column":23},"end":{"line":162,"column":39}},"81":{"start":{"line":163,"column":21},"end":{"line":163,"column":40}},"82":{"start":{"line":164,"column":4},"end":{"line":166,"column":5}},"83":{"start":{"line":165,"column":8},"end":{"line":165,"column":70}},"84":{"start":{"line":167,"column":20},"end":{"line":167,"column":39}},"85":{"start":{"line":168,"column":4},"end":{"line":175,"column":5}},"86":{"start":{"line":169,"column":8},"end":{"line":171,"column":9}},"87":{"start":{"line":170,"column":12},"end":{"line":170,"column":79}},"88":{"start":{"line":172,"column":8},"end":{"line":174,"column":9}},"89":{"start":{"line":173,"column":12},"end":{"line":173,"column":87}},"90":{"start":{"line":176,"column":4},"end":{"line":186,"column":5}},"91":{"start":{"line":177,"column":8},"end":{"line":179,"column":9}},"92":{"start":{"line":178,"column":12},"end":{"line":178,"column":74}},"93":{"start":{"line":180,"column":8},"end":{"line":182,"column":9}},"94":{"start":{"line":181,"column":12},"end":{"line":181,"column":81}},"95":{"start":{"line":183,"column":8},"end":{"line":185,"column":9}},"96":{"start":{"line":184,"column":12},"end":{"line":184,"column":40}},"97":{"start":{"line":187,"column":4},"end":{"line":189,"column":5}},"98":{"start":{"line":188,"column":8},"end":{"line":188,"column":83}},"99":{"start":{"line":191,"column":0},"end":{"line":191,"column":44}},"100":{"start":{"line":193,"column":31},"end":{"line":193,"column":50}},"101":{"start":{"line":194,"column":29},"end":{"line":194,"column":46}},"102":{"start":{"line":195,"column":21},"end":{"line":195,"column":110}},"103":{"start":{"line":196,"column":4},"end":{"line":207,"column":5}},"104":{"start":{"line":197,"column":8},"end":{"line":197,"column":42}},"105":{"start":{"line":199,"column":9},"end":{"line":207,"column":5}},"106":{"start":{"line":200,"column":8},"end":{"line":200,"column":42}},"107":{"start":{"line":202,"column":9},"end":{"line":207,"column":5}},"108":{"start":{"line":203,"column":8},"end":{"line":203,"column":44}},"109":{"start":{"line":206,"column":8},"end":{"line":206,"column":31}},"110":{"start":{"line":209,"column":0},"end":{"line":209,"column":38}},"111":{"start":{"line":211,"column":4},"end":{"line":216,"column":5}},"112":{"start":{"line":212,"column":22},"end":{"line":212,"column":38}},"113":{"start":{"line":213,"column":8},"end":{"line":215,"column":9}},"114":{"start":{"line":214,"column":12},"end":{"line":214,"column":72}},"115":{"start":{"line":217,"column":4},"end":{"line":217,"column":16}},"116":{"start":{"line":219,"column":0},"end":{"line":219,"column":42}},"117":{"start":{"line":220,"column":19},"end":{"line":242,"column":1}},"118":{"start":{"line":244,"column":18},"end":{"line":244,"column":39}},"119":{"start":{"line":245,"column":20},"end":{"line":245,"column":34}},"120":{"start":{"line":246,"column":20},"end":{"line":246,"column":35}},"121":{"start":{"line":247,"column":18},"end":{"line":247,"column":31}},"122":{"start":{"line":248,"column":4},"end":{"line":261,"column":5}},"123":{"start":{"line":249,"column":8},"end":{"line":260,"column":9}},"124":{"start":{"line":250,"column":12},"end":{"line":252,"column":13}},"125":{"start":{"line":251,"column":16},"end":{"line":251,"column":60}},"126":{"start":{"line":253,"column":26},"end":{"line":253,"column":37}},"127":{"start":{"line":254,"column":12},"end":{"line":256,"column":13}},"128":{"start":{"line":255,"column":16},"end":{"line":255,"column":133}},"129":{"start":{"line":258,"column":13},"end":{"line":260,"column":9}},"130":{"start":{"line":259,"column":12},"end":{"line":259,"column":78}},"131":{"start":{"line":262,"column":19},"end":{"line":262,"column":21}},"132":{"start":{"line":263,"column":4},"end":{"line":271,"column":7}},"133":{"start":{"line":264,"column":24},"end":{"line":264,"column":26}},"134":{"start":{"line":265,"column":8},"end":{"line":269,"column":11}},"135":{"start":{"line":266,"column":24},"end":{"line":266,"column":123}},"136":{"start":{"line":267,"column":26},"end":{"line":267,"column":42}},"137":{"start":{"line":268,"column":12},"end":{"line":268,"column":33}},"138":{"start":{"line":270,"column":8},"end":{"line":270,"column":29}},"139":{"start":{"line":272,"column":4},"end":{"line":272,"column":37}},"140":{"start":{"line":274,"column":0},"end":{"line":274,"column":36}},"141":{"start":{"line":276,"column":4},"end":{"line":298,"column":5}},"142":{"start":{"line":277,"column":8},"end":{"line":277,"column":22}},"143":{"start":{"line":279,"column":9},"end":{"line":298,"column":5}},"144":{"start":{"line":280,"column":8},"end":{"line":282,"column":11}},"145":{"start":{"line":281,"column":12},"end":{"line":281,"column":48}},"146":{"start":{"line":284,"column":9},"end":{"line":298,"column":5}},"147":{"start":{"line":285,"column":8},"end":{"line":287,"column":9}},"148":{"start":{"line":286,"column":12},"end":{"line":286,"column":67}},"149":{"start":{"line":288,"column":8},"end":{"line":297,"column":11}},"150":{"start":{"line":289,"column":12},"end":{"line":296,"column":13}},"151":{"start":{"line":290,"column":16},"end":{"line":295,"column":17}},"152":{"start":{"line":291,"column":20},"end":{"line":291,"column":57}},"153":{"start":{"line":293,"column":21},"end":{"line":295,"column":17}},"154":{"start":{"line":294,"column":20},"end":{"line":294,"column":57}},"155":{"start":{"line":299,"column":4},"end":{"line":299,"column":48}}},"fnMap":{"0":{"name":"IsQueryValid","decl":{"start":{"line":11,"column":9},"end":{"line":11,"column":21}},"loc":{"start":{"line":11,"column":30},"end":{"line":35,"column":1}},"line":11},"1":{"name":"IsQueryValidpart2","decl":{"start":{"line":37,"column":9},"end":{"line":37,"column":26}},"loc":{"start":{"line":37,"column":35},"end":{"line":53,"column":1}},"line":37},"2":{"name":"ParseQuery","decl":{"start":{"line":55,"column":9},"end":{"line":55,"column":19}},"loc":{"start":{"line":55,"column":42},"end":{"line":77,"column":1}},"line":55},"3":{"name":"ParseQuerypart2","decl":{"start":{"line":79,"column":9},"end":{"line":79,"column":24}},"loc":{"start":{"line":79,"column":47},"end":{"line":102,"column":1}},"line":79},"4":{"name":"GetOptions","decl":{"start":{"line":104,"column":9},"end":{"line":104,"column":19}},"loc":{"start":{"line":104,"column":27},"end":{"line":140,"column":1}},"line":104},"5":{"name":"(anonymous_5)","decl":{"start":{"line":108,"column":13},"end":{"line":108,"column":14}},"loc":{"start":{"line":108,"column":25},"end":{"line":112,"column":5}},"line":108},"6":{"name":"(anonymous_6)","decl":{"start":{"line":113,"column":16},"end":{"line":113,"column":17}},"loc":{"start":{"line":113,"column":26},"end":{"line":113,"column":44}},"line":113},"7":{"name":"(anonymous_7)","decl":{"start":{"line":114,"column":25},"end":{"line":114,"column":26}},"loc":{"start":{"line":114,"column":34},"end":{"line":114,"column":54}},"line":114},"8":{"name":"(anonymous_8)","decl":{"start":{"line":117,"column":37},"end":{"line":117,"column":38}},"loc":{"start":{"line":117,"column":49},"end":{"line":124,"column":5}},"line":117},"9":{"name":"IsValidKeyNumber","decl":{"start":{"line":157,"column":9},"end":{"line":157,"column":25}},"loc":{"start":{"line":157,"column":60},"end":{"line":190,"column":1}},"line":157},"10":{"name":"wildcardcheck","decl":{"start":{"line":192,"column":9},"end":{"line":192,"column":22}},"loc":{"start":{"line":192,"column":37},"end":{"line":208,"column":1}},"line":192},"11":{"name":"IsWildcardValid","decl":{"start":{"line":210,"column":9},"end":{"line":210,"column":24}},"loc":{"start":{"line":210,"column":30},"end":{"line":218,"column":1}},"line":210},"12":{"name":"ApplyOptions","decl":{"start":{"line":243,"column":9},"end":{"line":243,"column":21}},"loc":{"start":{"line":243,"column":40},"end":{"line":273,"column":1}},"line":243},"13":{"name":"(anonymous_13)","decl":{"start":{"line":263,"column":21},"end":{"line":263,"column":22}},"loc":{"start":{"line":263,"column":34},"end":{"line":271,"column":5}},"line":263},"14":{"name":"(anonymous_14)","decl":{"start":{"line":265,"column":24},"end":{"line":265,"column":25}},"loc":{"start":{"line":265,"column":37},"end":{"line":269,"column":9}},"line":265},"15":{"name":"ApplyOrder","decl":{"start":{"line":275,"column":9},"end":{"line":275,"column":19}},"loc":{"start":{"line":275,"column":35},"end":{"line":300,"column":1}},"line":275},"16":{"name":"(anonymous_16)","decl":{"start":{"line":280,"column":27},"end":{"line":280,"column":28}},"loc":{"start":{"line":280,"column":37},"end":{"line":282,"column":9}},"line":280},"17":{"name":"(anonymous_17)","decl":{"start":{"line":288,"column":27},"end":{"line":288,"column":28}},"loc":{"start":{"line":288,"column":37},"end":{"line":297,"column":9}},"line":288}},"branchMap":{"0":{"loc":{"start":{"line":13,"column":4},"end":{"line":15,"column":5}},"type":"if","locations":[{"start":{"line":13,"column":4},"end":{"line":15,"column":5}},{"start":{"line":13,"column":4},"end":{"line":15,"column":5}}],"line":13},"1":{"loc":{"start":{"line":13,"column":8},"end":{"line":13,"column":74}},"type":"binary-expr","locations":[{"start":{"line":13,"column":8},"end":{"line":13,"column":33}},{"start":{"line":13,"column":37},"end":{"line":13,"column":51}},{"start":{"line":13,"column":55},"end":{"line":13,"column":74}}],"line":13},"2":{"loc":{"start":{"line":16,"column":4},"end":{"line":18,"column":5}},"type":"if","locations":[{"start":{"line":16,"column":4},"end":{"line":18,"column":5}},{"start":{"line":16,"column":4},"end":{"line":18,"column":5}}],"line":16},"3":{"loc":{"start":{"line":16,"column":8},"end":{"line":16,"column":129}},"type":"binary-expr","locations":[{"start":{"line":16,"column":8},"end":{"line":16,"column":67}},{"start":{"line":16,"column":71},"end":{"line":16,"column":129}}],"line":16},"4":{"loc":{"start":{"line":20,"column":8},"end":{"line":22,"column":9}},"type":"if","locations":[{"start":{"line":20,"column":8},"end":{"line":22,"column":9}},{"start":{"line":20,"column":8},"end":{"line":22,"column":9}}],"line":20},"5":{"loc":{"start":{"line":24,"column":4},"end":{"line":26,"column":5}},"type":"if","locations":[{"start":{"line":24,"column":4},"end":{"line":26,"column":5}},{"start":{"line":24,"column":4},"end":{"line":26,"column":5}}],"line":24},"6":{"loc":{"start":{"line":24,"column":8},"end":{"line":24,"column":92}},"type":"binary-expr","locations":[{"start":{"line":24,"column":8},"end":{"line":24,"column":39}},{"start":{"line":24,"column":43},"end":{"line":24,"column":63}},{"start":{"line":24,"column":67},"end":{"line":24,"column":92}}],"line":24},"7":{"loc":{"start":{"line":27,"column":4},"end":{"line":29,"column":5}},"type":"if","locations":[{"start":{"line":27,"column":4},"end":{"line":29,"column":5}},{"start":{"line":27,"column":4},"end":{"line":29,"column":5}}],"line":27},"8":{"loc":{"start":{"line":30,"column":4},"end":{"line":32,"column":5}},"type":"if","locations":[{"start":{"line":30,"column":4},"end":{"line":32,"column":5}},{"start":{"line":30,"column":4},"end":{"line":32,"column":5}}],"line":30},"9":{"loc":{"start":{"line":30,"column":8},"end":{"line":30,"column":98}},"type":"binary-expr","locations":[{"start":{"line":30,"column":8},"end":{"line":30,"column":41}},{"start":{"line":30,"column":45},"end":{"line":30,"column":67}},{"start":{"line":30,"column":71},"end":{"line":30,"column":98}}],"line":30},"10":{"loc":{"start":{"line":39,"column":4},"end":{"line":41,"column":5}},"type":"if","locations":[{"start":{"line":39,"column":4},"end":{"line":41,"column":5}},{"start":{"line":39,"column":4},"end":{"line":41,"column":5}}],"line":39},"11":{"loc":{"start":{"line":42,"column":4},"end":{"line":46,"column":5}},"type":"if","locations":[{"start":{"line":42,"column":4},"end":{"line":46,"column":5}},{"start":{"line":42,"column":4},"end":{"line":46,"column":5}}],"line":42},"12":{"loc":{"start":{"line":42,"column":8},"end":{"line":44,"column":43}},"type":"binary-expr","locations":[{"start":{"line":42,"column":8},"end":{"line":42,"column":49}},{"start":{"line":43,"column":8},"end":{"line":43,"column":38}},{"start":{"line":44,"column":8},"end":{"line":44,"column":43}}],"line":42},"13":{"loc":{"start":{"line":47,"column":4},"end":{"line":52,"column":5}},"type":"if","locations":[{"start":{"line":47,"column":4},"end":{"line":52,"column":5}},{"start":{"line":47,"column":4},"end":{"line":52,"column":5}}],"line":47},"14":{"loc":{"start":{"line":48,"column":8},"end":{"line":51,"column":9}},"type":"if","locations":[{"start":{"line":48,"column":8},"end":{"line":51,"column":9}},{"start":{"line":48,"column":8},"end":{"line":51,"column":9}}],"line":48},"15":{"loc":{"start":{"line":48,"column":12},"end":{"line":49,"column":88}},"type":"binary-expr","locations":[{"start":{"line":48,"column":12},"end":{"line":48,"column":53}},{"start":{"line":49,"column":12},"end":{"line":49,"column":88}}],"line":48},"16":{"loc":{"start":{"line":58,"column":4},"end":{"line":75,"column":5}},"type":"if","locations":[{"start":{"line":58,"column":4},"end":{"line":75,"column":5}},{"start":{"line":58,"column":4},"end":{"line":75,"column":5}}],"line":58},"17":{"loc":{"start":{"line":59,"column":8},"end":{"line":73,"column":9}},"type":"if","locations":[{"start":{"line":59,"column":8},"end":{"line":73,"column":9}},{"start":{"line":59,"column":8},"end":{"line":73,"column":9}}],"line":59},"18":{"loc":{"start":{"line":66,"column":13},"end":{"line":73,"column":9}},"type":"if","locations":[{"start":{"line":66,"column":13},"end":{"line":73,"column":9}},{"start":{"line":66,"column":13},"end":{"line":73,"column":9}}],"line":66},"19":{"loc":{"start":{"line":84,"column":4},"end":{"line":100,"column":5}},"type":"if","locations":[{"start":{"line":84,"column":4},"end":{"line":100,"column":5}},{"start":{"line":84,"column":4},"end":{"line":100,"column":5}}],"line":84},"20":{"loc":{"start":{"line":92,"column":9},"end":{"line":100,"column":5}},"type":"if","locations":[{"start":{"line":92,"column":9},"end":{"line":100,"column":5}},{"start":{"line":92,"column":9},"end":{"line":100,"column":5}}],"line":92},"21":{"loc":{"start":{"line":109,"column":8},"end":{"line":111,"column":9}},"type":"if","locations":[{"start":{"line":109,"column":8},"end":{"line":111,"column":9}},{"start":{"line":109,"column":8},"end":{"line":111,"column":9}}],"line":109},"22":{"loc":{"start":{"line":114,"column":4},"end":{"line":116,"column":5}},"type":"if","locations":[{"start":{"line":114,"column":4},"end":{"line":116,"column":5}},{"start":{"line":114,"column":4},"end":{"line":116,"column":5}}],"line":114},"23":{"loc":{"start":{"line":118,"column":8},"end":{"line":123,"column":9}},"type":"if","locations":[{"start":{"line":118,"column":8},"end":{"line":123,"column":9}},{"start":{"line":118,"column":8},"end":{"line":123,"column":9}}],"line":118},"24":{"loc":{"start":{"line":125,"column":4},"end":{"line":138,"column":5}},"type":"if","locations":[{"start":{"line":125,"column":4},"end":{"line":138,"column":5}},{"start":{"line":125,"column":4},"end":{"line":138,"column":5}}],"line":125},"25":{"loc":{"start":{"line":130,"column":9},"end":{"line":138,"column":5}},"type":"if","locations":[{"start":{"line":130,"column":9},"end":{"line":138,"column":5}},{"start":{"line":130,"column":9},"end":{"line":138,"column":5}}],"line":130},"26":{"loc":{"start":{"line":130,"column":13},"end":{"line":130,"column":67}},"type":"binary-expr","locations":[{"start":{"line":130,"column":13},"end":{"line":130,"column":38}},{"start":{"line":130,"column":42},"end":{"line":130,"column":67}}],"line":130},"27":{"loc":{"start":{"line":131,"column":8},"end":{"line":133,"column":9}},"type":"if","locations":[{"start":{"line":131,"column":8},"end":{"line":133,"column":9}},{"start":{"line":131,"column":8},"end":{"line":133,"column":9}}],"line":131},"28":{"loc":{"start":{"line":131,"column":12},"end":{"line":131,"column":65}},"type":"binary-expr","locations":[{"start":{"line":131,"column":12},"end":{"line":131,"column":37}},{"start":{"line":131,"column":41},"end":{"line":131,"column":65}}],"line":131},"29":{"loc":{"start":{"line":158,"column":4},"end":{"line":160,"column":5}},"type":"if","locations":[{"start":{"line":158,"column":4},"end":{"line":160,"column":5}},{"start":{"line":158,"column":4},"end":{"line":160,"column":5}}],"line":158},"30":{"loc":{"start":{"line":164,"column":4},"end":{"line":166,"column":5}},"type":"if","locations":[{"start":{"line":164,"column":4},"end":{"line":166,"column":5}},{"start":{"line":164,"column":4},"end":{"line":166,"column":5}}],"line":164},"31":{"loc":{"start":{"line":168,"column":4},"end":{"line":175,"column":5}},"type":"if","locations":[{"start":{"line":168,"column":4},"end":{"line":175,"column":5}},{"start":{"line":168,"column":4},"end":{"line":175,"column":5}}],"line":168},"32":{"loc":{"start":{"line":169,"column":8},"end":{"line":171,"column":9}},"type":"if","locations":[{"start":{"line":169,"column":8},"end":{"line":171,"column":9}},{"start":{"line":169,"column":8},"end":{"line":171,"column":9}}],"line":169},"33":{"loc":{"start":{"line":172,"column":8},"end":{"line":174,"column":9}},"type":"if","locations":[{"start":{"line":172,"column":8},"end":{"line":174,"column":9}},{"start":{"line":172,"column":8},"end":{"line":174,"column":9}}],"line":172},"34":{"loc":{"start":{"line":172,"column":12},"end":{"line":172,"column":71}},"type":"binary-expr","locations":[{"start":{"line":172,"column":12},"end":{"line":172,"column":37}},{"start":{"line":172,"column":41},"end":{"line":172,"column":71}}],"line":172},"35":{"loc":{"start":{"line":176,"column":4},"end":{"line":186,"column":5}},"type":"if","locations":[{"start":{"line":176,"column":4},"end":{"line":186,"column":5}},{"start":{"line":176,"column":4},"end":{"line":186,"column":5}}],"line":176},"36":{"loc":{"start":{"line":177,"column":8},"end":{"line":179,"column":9}},"type":"if","locations":[{"start":{"line":177,"column":8},"end":{"line":179,"column":9}},{"start":{"line":177,"column":8},"end":{"line":179,"column":9}}],"line":177},"37":{"loc":{"start":{"line":180,"column":8},"end":{"line":182,"column":9}},"type":"if","locations":[{"start":{"line":180,"column":8},"end":{"line":182,"column":9}},{"start":{"line":180,"column":8},"end":{"line":182,"column":9}}],"line":180},"38":{"loc":{"start":{"line":180,"column":12},"end":{"line":180,"column":71}},"type":"binary-expr","locations":[{"start":{"line":180,"column":12},"end":{"line":180,"column":37}},{"start":{"line":180,"column":41},"end":{"line":180,"column":71}}],"line":180},"39":{"loc":{"start":{"line":183,"column":8},"end":{"line":185,"column":9}},"type":"if","locations":[{"start":{"line":183,"column":8},"end":{"line":185,"column":9}},{"start":{"line":183,"column":8},"end":{"line":185,"column":9}}],"line":183},"40":{"loc":{"start":{"line":183,"column":12},"end":{"line":183,"column":71}},"type":"binary-expr","locations":[{"start":{"line":183,"column":12},"end":{"line":183,"column":37}},{"start":{"line":183,"column":41},"end":{"line":183,"column":71}}],"line":183},"41":{"loc":{"start":{"line":187,"column":4},"end":{"line":189,"column":5}},"type":"if","locations":[{"start":{"line":187,"column":4},"end":{"line":189,"column":5}},{"start":{"line":187,"column":4},"end":{"line":189,"column":5}}],"line":187},"42":{"loc":{"start":{"line":187,"column":8},"end":{"line":187,"column":64}},"type":"binary-expr","locations":[{"start":{"line":187,"column":8},"end":{"line":187,"column":34}},{"start":{"line":187,"column":38},"end":{"line":187,"column":64}}],"line":187},"43":{"loc":{"start":{"line":195,"column":35},"end":{"line":195,"column":61}},"type":"cond-expr","locations":[{"start":{"line":195,"column":56},"end":{"line":195,"column":57}},{"start":{"line":195,"column":60},"end":{"line":195,"column":61}}],"line":195},"44":{"loc":{"start":{"line":195,"column":63},"end":{"line":195,"column":109}},"type":"cond-expr","locations":[{"start":{"line":195,"column":82},"end":{"line":195,"column":96}},{"start":{"line":195,"column":99},"end":{"line":195,"column":109}}],"line":195},"45":{"loc":{"start":{"line":196,"column":4},"end":{"line":207,"column":5}},"type":"if","locations":[{"start":{"line":196,"column":4},"end":{"line":207,"column":5}},{"start":{"line":196,"column":4},"end":{"line":207,"column":5}}],"line":196},"46":{"loc":{"start":{"line":196,"column":8},"end":{"line":196,"column":46}},"type":"binary-expr","locations":[{"start":{"line":196,"column":8},"end":{"line":196,"column":26}},{"start":{"line":196,"column":30},"end":{"line":196,"column":46}}],"line":196},"47":{"loc":{"start":{"line":199,"column":9},"end":{"line":207,"column":5}},"type":"if","locations":[{"start":{"line":199,"column":9},"end":{"line":207,"column":5}},{"start":{"line":199,"column":9},"end":{"line":207,"column":5}}],"line":199},"48":{"loc":{"start":{"line":202,"column":9},"end":{"line":207,"column":5}},"type":"if","locations":[{"start":{"line":202,"column":9},"end":{"line":207,"column":5}},{"start":{"line":202,"column":9},"end":{"line":207,"column":5}}],"line":202},"49":{"loc":{"start":{"line":211,"column":4},"end":{"line":216,"column":5}},"type":"if","locations":[{"start":{"line":211,"column":4},"end":{"line":216,"column":5}},{"start":{"line":211,"column":4},"end":{"line":216,"column":5}}],"line":211},"50":{"loc":{"start":{"line":213,"column":8},"end":{"line":215,"column":9}},"type":"if","locations":[{"start":{"line":213,"column":8},"end":{"line":215,"column":9}},{"start":{"line":213,"column":8},"end":{"line":215,"column":9}}],"line":213},"51":{"loc":{"start":{"line":249,"column":8},"end":{"line":260,"column":9}},"type":"if","locations":[{"start":{"line":249,"column":8},"end":{"line":260,"column":9}},{"start":{"line":249,"column":8},"end":{"line":260,"column":9}}],"line":249},"52":{"loc":{"start":{"line":250,"column":12},"end":{"line":252,"column":13}},"type":"if","locations":[{"start":{"line":250,"column":12},"end":{"line":252,"column":13}},{"start":{"line":250,"column":12},"end":{"line":252,"column":13}}],"line":250},"53":{"loc":{"start":{"line":254,"column":12},"end":{"line":256,"column":13}},"type":"if","locations":[{"start":{"line":254,"column":12},"end":{"line":256,"column":13}},{"start":{"line":254,"column":12},"end":{"line":256,"column":13}}],"line":254},"54":{"loc":{"start":{"line":254,"column":16},"end":{"line":254,"column":81}},"type":"binary-expr","locations":[{"start":{"line":254,"column":16},"end":{"line":254,"column":36}},{"start":{"line":254,"column":40},"end":{"line":254,"column":81}}],"line":254},"55":{"loc":{"start":{"line":258,"column":13},"end":{"line":260,"column":9}},"type":"if","locations":[{"start":{"line":258,"column":13},"end":{"line":260,"column":9}},{"start":{"line":258,"column":13},"end":{"line":260,"column":9}}],"line":258},"56":{"loc":{"start":{"line":266,"column":24},"end":{"line":266,"column":123}},"type":"cond-expr","locations":[{"start":{"line":266,"column":72},"end":{"line":266,"column":113}},{"start":{"line":266,"column":116},"end":{"line":266,"column":123}}],"line":266},"57":{"loc":{"start":{"line":276,"column":4},"end":{"line":298,"column":5}},"type":"if","locations":[{"start":{"line":276,"column":4},"end":{"line":298,"column":5}},{"start":{"line":276,"column":4},"end":{"line":298,"column":5}}],"line":276},"58":{"loc":{"start":{"line":279,"column":9},"end":{"line":298,"column":5}},"type":"if","locations":[{"start":{"line":279,"column":9},"end":{"line":298,"column":5}},{"start":{"line":279,"column":9},"end":{"line":298,"column":5}}],"line":279},"59":{"loc":{"start":{"line":281,"column":19},"end":{"line":281,"column":47}},"type":"cond-expr","locations":[{"start":{"l
[...]
C,IAAI,GAAG,QAAQ,CAAC,IAAI,CAAC;IAC3B,CAAC;CACD;AA3BD,oBA2BC","sourcesContent":["// models/rooms/Room.ts\n\nexport class Room {\n\tpublic readonly fullname: string;\n\tpublic readonly shortname: string;\n\tpublic readonly number: string;\n\tpublic readonly name: string;\n\tpublic readonly address: string;\n\tpublic readonly lat: number;\n\tpublic readonly lon: number;\n\tpublic readonly seats: number;\n\tpublic readonly type: string;\n\tpublic readonly furniture: string;\n\tpublic readonly href: string;\n\t[key: string]: any;\n\n\tconstructor(roomData: any) {\n\t\tthis.fullname = roomData.fullname;\n\t\tthis.shortname = roomData.shortname;\n\t\tthis.number = roomData.number;\n\t\tthis.name = roomData.name;\n\t\tthis.address = roomData.address;\n\t\tthis.lat = roomData.lat;\n\t\tthis.lon = roomData.lon;\n\t\tthis.seats = roomData.seats;\n\t\tthis.type = roomData.type;\n\t\tthis.furniture = roomData.furniture;\n\t\tthis.href = roomData.href;\n\t}\n}\n"]},"_coverageSchema":"1a1c01bbd47fc00a2c39e90264f33305004495a9","hash":"b99fe979e7e57867f24bcb992910583734f40d77","contentHash":"c949a3c8d00d1ada1e54f129dd89374fc2aaa20221848e9c5122fd58196c2349"},"/Users/BillyOrr/Desktop/project_team117/src/models/utils/HtmlUtils.ts":{"path":"/Users/BillyOrr/Desktop/project_team117/src/models/utils/HtmlUtils.ts","statementMap":{"0":{"start":{"line":2,"column":0},"end":{"line":2,"column":62}},"1":{"start":{"line":3,"column":0},"end":{"line":3,"column":52}},"2":{"start":{"line":5,"column":17},"end":{"line":5,"column":19}},"3":{"start":{"line":6,"column":4},"end":{"line":8,"column":5}},"4":{"start":{"line":7,"column":8},"end":{"line":7,"column":26}},"5":{"start":{"line":9,"column":4},"end":{"line":13,"column":5}},"6":{"start":{"line":10,"column":8},"end":{"line":12,"column":9}},"7":{"start":{"line":11,"column":12},"end":{"line":11,"column":64}},"8":{"start":{"line":14,"column":4},"end":{"line":14,"column":18}},"9":{"start":{"line":16,"column":0},"end":{"line":16,"column":30}},"10":{"start":{"line":18,"column":15},"end":{"line":18,"column":17}},"11":{"start":{"line":19,"column":4},"end":{"line":21,"column":5}},"12":{"start":{"line":20,"column":8},"end":{"line":20,"column":27}},"13":{"start":{"line":22,"column":4},"end":{"line":26,"column":5}},"14":{"start":{"line":23,"column":8},"end":{"line":25,"column":9}},"15":{"start":{"line":24,"column":12},"end":{"line":24,"column":42}},"16":{"start":{"line":27,"column":4},"end":{"line":27,"column":16}},"17":{"start":{"line":29,"column":0},"end":{"line":29,"column":40}}},"fnMap":{"0":{"name":"findNodes","decl":{"start":{"line":4,"column":9},"end":{"line":4,"column":18}},"loc":{"start":{"line":4,"column":36},"end":{"line":15,"column":1}},"line":4},"1":{"name":"getTextContent","decl":{"start":{"line":17,"column":9},"end":{"line":17,"column":23}},"loc":{"start":{"line":17,"column":30},"end":{"line":28,"column":1}},"line":17}},"branchMap":{"0":{"loc":{"start":{"line":6,"column":4},"end":{"line":8,"column":5}},"type":"if","locations":[{"start":{"line":6,"column":4},"end":{"line":8,"column":5}},{"start":{"line":6,"column":4},"end":{"line":8,"column":5}}],"line":6},"1":{"loc":{"start":{"line":9,"column":4},"end":{"line":13,"column":5}},"type":"if","locations":[{"start":{"line":9,"column":4},"end":{"line":13,"column":5}},{"start":{"line":9,"column":4},"end":{"line":13,"column":5}}],"line":9},"2":{"loc":{"start":{"line":19,"column":4},"end":{"line":21,"column":5}},"type":"if","locations":[{"start":{"line":19,"column":4},"end":{"line":21,"column":5}},{"start":{"line":19,"column":4},"end":{"line":21,"column":5}}],"line":19},"3":{"loc":{"start":{"line":22,"column":4},"end":{"line":26,"column":5}},"type":"if","locations":[{"start":{"line":22,"column":4},"end":{"line":26,"column":5}},{"start":{"line":22,"column":4},"end":{"line":26,"column":5}}],"line":22}},"s":{"0":1,"1":1,"2":315999,"3":315999,"4":3518,"5":315999,"6":154753,"7":314448,"8":315999,"9":1,"10":12820,"11":12820,"12":7064,"13":12820,"14":5756,"15":8668,"16":12820,"17":1},"f":{"0":315999,"1":12820},"b":{"0":[3518,312481],"1":[154753,161246],"2":[7064,5756],"3":[5756,7064]},"inputSourceMap":{"version":3,"file":"/Users/BillyOrr/Desktop/project_team117/src/models/utils/HtmlUtils.ts","sources":["/Users/BillyOrr/Desktop/project_team117/src/models/utils/HtmlUtils.ts"],"names":[],"mappings":";;;AAEA,SAAgB,SAAS,CAAC,IAAS,EAAE,SAAiC;IACrE,IAAI,MAAM,GAAU,EAAE,CAAC;IAEvB,IAAI,SAAS,CAAC,IAAI,CAAC,EAAE;QACpB,MAAM,CAAC,IAAI,CAAC,IAAI,CAAC,CAAC;KAClB;IAED,IAAI,IAAI,CAAC,UAAU,EAAE;QACpB,KAAK,MAAM,KAAK,IAAI,IAAI,CAAC,UAAU,EAAE;YACpC,MAAM,GAAG,MAAM,CAAC,MAAM,CAAC,SAAS,CAAC,KAAK,EAAE,SAAS,CAAC,CAAC,CAAC;SACpD;KACD;IAED,OAAO,MAAM,CAAC;AACf,CAAC;AAdD,8BAcC;AAED,SAAgB,cAAc,CAAC,IAAS;IACvC,IAAI,IAAI,GAAG,EAAE,CAAC;IAEd,IAAI,IAAI,CAAC,QAAQ,KAAK,OAAO,EAAE;QAC9B,IAAI,IAAI,IAAI,CAAC,KAAK,CAAC;KACnB;IAED,IAAI,IAAI,CAAC,UAAU,EAAE;QACpB,KAAK,MAAM,KAAK,IAAI,IAAI,CAAC,UAAU,EAAE;YACpC,IAAI,IAAI,cAAc,CAAC,KAAK,CAAC,CAAC;SAC9B;KACD;IAED,OAAO,IAAI,CAAC;AACb,CAAC;AAdD,wCAcC","sourcesContent":["// models/utils/HtmlUtils.ts\n\nexport function findNodes(node: any, predicate: (node: any) => boolean): any[] {\n\tlet result: any[] = [];\n\n\tif (predicate(node)) {\n\t\tresult.push(node);\n\t}\n\n\tif (node.childNodes) {\n\t\tfor (const child of node.childNodes) {\n\t\t\tresult = result.concat(findNodes(child, predicate));\n\t\t}\n\t}\n\n\treturn result;\n}\n\nexport function getTextContent(node: any): string {\n\tlet text = \"\";\n\n\tif (node.nodeName === \"#text\") {\n\t\ttext += node.value;\n\t}\n\n\tif (node.childNodes) {\n\t\tfor (const child of node.childNodes) {\n\t\t\ttext += getTextContent(child);\n\t\t}\n\t}\n\n\treturn text;\n}\n"]},"_coverageSchema":"1a1c01bbd47fc00a2c39e90264f33305004495a9","hash":"63fb2bcf6ef23ede733b15d22a21ac8e85017c5f","contentHash":"dfb8394fa8440d11c289e8b5e692898b5d03e13c044b47b33f4351d1a316214d"},"/Users/BillyOrr/Desktop/project_team117/src/models/utils/Geolocation.ts":{"path":"/Users/BillyOrr/Desktop/project_team117/src/models/utils/Geolocation.ts","statementMap":{"0":{"start":{"line":2,"column":22},"end":{"line":12,"column":3}},"1":{"start":{"line":3,"column":4},"end":{"line":3,"column":33}},"2":{"start":{"line":3,"column":26},"end":{"line":3,"column":33}},"3":{"start":{"line":4,"column":15},"end":{"line":4,"column":52}},"4":{"start":{"line":5,"column":4},"end":{"line":7,"column":5}},"5":{"start":{"line":6,"column":6},"end":{"line":6,"column":68}},"6":{"start":{"line":6,"column":51},"end":{"line":6,"column":63}},"7":{"start":{"line":8,"column":4},"end":{"line":8,"column":39}},"8":{"start":{"line":10,"column":4},"end":{"line":10,"column":33}},"9":{"start":{"line":10,"column":26},"end":{"line":10,"column":33}},"10":{"start":{"line":11,"column":4},"end":{"line":11,"column":17}},"11":{"start":{"line":13,"column":25},"end":{"line":17,"column":2}},"12":{"start":{"line":14,"column":4},"end":{"line":14,"column":72}},"13":{"start":{"line":16,"column":4},"end":{"line":16,"column":21}},"14":{"start":{"line":18,"column":19},"end":{"line":24,"column":1}},"15":{"start":{"line":19,"column":4},"end":{"line":19,"column":42}},"16":{"start":{"line":19,"column":31},"end":{"line":19,"column":42}},"17":{"start":{"line":20,"column":17},"end":{"line":20,"column":19}},"18":{"start":{"line":21,"column":4},"end":{"line":21,"column":141}},"19":{"start":{"line":21,"column":21},"end":{"line":21,"column":141}},"20":{"start":{"line":21,"column":40},"end":{"line":21,"column":141}},"21":{"start":{"line":21,"column":109},"end":{"line":21,"column":141}},"22":{"start":{"line":22,"column":4},"end":{"line":22,"column":36}},"23":{"start":{"line":23,"column":4},"end":{"line":23,"column":18}},"24":{"start":{"line":25,"column":0},"end":{"line":25,"column":62}},"25":{"start":{"line":26,"column":0},"end":{"line":26,"column":34}},"26":{"start":{"line":27,"column":13},"end":{"line":27,"column":42}},"27":{"start":{"line":28,"column":25},"end":{"line":28,"column":67}},"28":{"start":{"line":30,"column":27},"end":{"line":30,"column":54}},"29":{"start":{"line":31,"column":16},"end":{"line":31,"column":96}},"30":{"start":{"line":32,"column":4},"end":{"line":58,"column":7}},"31":{"start":{"line":33,"column":8},"end":{"line":57,"column":11}},"32":{"start":{"line":34,"column":26},"end":{"line":34,"column":28}},"33":{"start":{"line":35,"column":12},"end":{"line":37,"column":15}},"34":{"start":{"line":36,"column":16},"end":{"line":36,"column":33}},"35":{"start":{"line":38,"column":12},"end":{"line":54,"column":15}},"36":{"start":{"line":39,"column":16},"end":{"line":53,"column":17}},"37":{"start":{"line":40,"column":39},"end":{"line":40,"column":58}},"38":{"start":{"line":41,"column":20},"end":{"line":49,"column":21}},"39":{"start":{"line":42,"column":24},"end":{"line":42,"column":108}},"40":{"start":{"line":44,"column":25},"end":{"line":49,"column":21}},"41":{"start":{"line":45,"column":24},"end":{"line":45,"column":78}},"42":{"start":{"line":48,"column":24},"end":{"line":48,"column":98}},"43":{"start":{"line":52,"column":20},"end":{"line":52,"column":116}},"44":{"start":{"line":56,"column":12},"end":{"line":56,"column":98}},"45":{"start":{"line":60,"column":0},"end":{"line":60,"column":44}}},"fnMap":{"0":{"name":"(anonymous_0)","decl":{"start":{"line":2,"column":74},"end":{"line":2,"column":75}},"loc":{"start":{"line":2,"column":96},"end":{"line":9,"column":1}},"line":2},"1":{"name":"(anonymous_1)","decl":{"start":{"line":6,"column":38},"end":{"line":6,"column":39}},"loc":{"start":{"line":6,"column":49},"end":{"line":6,"column":65}},"line":6},"2":{"name":"(anonymous_2)","decl":{"start":{"line":9,"column":6},"end":{"line":9,"column":7}},"loc":{"start":{"line":9,"column":28},"end":{"line":12,"column":1}},"line":9},"3":{"name":"(anonymous_3)","decl":{"start":{"line":13,"column":80},"end":{"line":13,"column":81}},"loc":{"start":{"line":13,"column":95},"end":{"line":15,"column":1}},"line":13},"4":{"name":"(anonymous_4)","decl":{"start":{"line":15,"column":5},"end":{"line":15,"column":6}},"loc":{"start":{"line":15,"column":20},"end":{"line":17,"column":1}},"line":15},"5":{"name":"(anonymous_5)","decl":{"start":{"line":18,"column":50},"end":{"line":18,"column":51}},"loc":{"start":{"line":18,"column":65},"end":{"line":24,"column":1}},"line":18},"6":{"name":"fetchGeolocation","decl":{"start":{"line":29,"column":15},"end":{"line":29,"column":31}},"loc":{"start":{"line":29,"column":61},"end":{"line":59,"column":1}},"line":29},"7":{"name":"(anonymous_7)","decl":{"start":{"line":32,"column":23},"end":{"line":32,"column":24}},"loc":{"start":{"line":32,"column":44},"end":{"line":58,"column":5}},"line":32},"8":{"name":"(anonymous_8)","decl":{"start":{"line":33,"column":21},"end":{"line":33,"column":22}},"loc":{"start":{"line":33,"column":30},"end":{"line":55,"column":9}},"line":33},"9":{"name":"(anonymous_9)","decl":{"start":{"line":35,"column":27},"end":{"line":35,"column":28}},"loc":{"start":{"line":35,"column":38},"end":{"line":37,"column":13}},"line":35},"10":{"name":"(anonymous_10)","decl":{"start":{"line":38,"column":26},"end":{"line":38,"column":27}},"loc":{"start":{"line":38,"column":32},"end":{"line":54,"column":13}},"line":38},"11":{"name":"(anonymous_11)","decl":{"start":{"line":55,"column":23},"end":{"line":55,"column":24}},"loc":{"start":{"line":55,"column":30},"end":{"line":57,"column":9}},"line":55}},"branchMap":{"0":{"loc":{"start":{"line":2,"column":22},"end":{"line":12,"column":3}},"type":"binary-expr","locations":[{"start":{"line":2,"column":23},"end":{"line":2,"column":27}},{"start":{"line":2,"column":31},"end":{"line":2,"column":51}},{"start":{"line":2,"column":57},"end":{"line":12,"column":2}}],"line":2},"1":{"loc":{"start":{"line":2,"column":57},"end":{"line":12,"column":2}},"type":"cond-expr","locations":[{"start":{"line":2,"column":74},"end":{"line":9,"column":1}},{"start":{"line":9,"column":6},"end":{"line":12,"column":1}}],"line":2},"2":{"loc":{"start":{"line":3,"column":4},"end":{"line":3,"column":33}},"type":"if","locations":[{"start":{"line":3,"column":4},"end":{"line":3,"column":33}},{"start":{"line":3,"column":4},"end":{"line":3,"column":33}}],"line":3},"3":{"loc":{"start":{"line":5,"column":4},"end":{"line":7,"column":5}},"type":"if","locations":[{"start":{"line":5,"column":4},"end":{"line":7,"column":5}},{"start":{"line":5,"column":4},"end":{"line":7,"column":5}}],"line":5},"4":{"loc":{"start":{"line":5,"column":8},"end":{"line":5,"column":85}},"type":"binary-expr","locations":[{"start":{"line":5,"column":8},"end":{"line":5,"column":13}},{"start":{"line":5,"column":18},"end":{"line":5,"column":84}}],"line":5},"5":{"loc":{"start":{"line":5,"column":18},"end":{"line":5,"column":84}},"type":"cond-expr","locations":[{"start":{"line":5,"column":34},"end":{"line":5,"column":47}},{"start":{"line":5,"column":50},"end":{"line":5,"column":84}}],"line":5},"6":{"loc":{"start":{"line":5,"column":50},"end":{"line":5,"column":84}},"type":"binary-expr","locations":[{"start":{"line":5,"column":50},"end":{"line":5,"column":63}},{"start":{"line":5,"column":67},"end":{"line":5,"column":84}}],"line":5},"7":{"loc":{"start":{"line":10,"column":4},"end":{"line":10,"column":33}},"type":"if","locations":[{"start":{"line":10,"column":4},"end":{"line":10,"column":33}},{"start":{"line":10,"column":4},"end":{"line":10,"column":33}}],"line":10},"8":{"loc":{"start":{"line":13,"column":25},"end":{"line":17,"column":2}},"type":"binary-expr","locations":[{"start":{"line":13,"column":26},"end":{"line":13,"column":30}},{"start":{"line":13,"column":34},"end":{"line":13,"column":57}},{"start":{"line":13,"column":63},"end":{"line":17,"column":1}}],"line":13},"9":{"loc":{"start":{"line":13,"column":63},"end":{"line":17,"column":1}},"type":"cond-expr","locations":[{"start":{"line":13,"column":80},"end":{"line":15,"column":1}},{"start":{"line":15,"column":5},"end":{"line":17,"column":1}}],"line":13},"10":{"loc":{"start":{"line":18,"column":19},"end":{"line":24,"column":1}},"type":"binary-expr","locations":[{"start":{"line":18,"column":20},"end":{"line":18,"column":24}},{"start":{"line":18,"column":28},"end":{"line":18,"column":45}},{"start":{"line":18,"column":50},"end":{"line":24,"column":1}}],"line":18},"11":{"loc":{"start":{"line":19,"column":4},"end":{"line":19,"column":42}},"type":"if","locations":[{"start":{"line":19,"column":4},"end":{"line":19,"column":42}},{"start":{"line":19,"column":4},"end":{"line":19,"column":42}}],"line":19},"12":{"loc":{"start":{"line":19,"column":8},"end":{"line":19,"column":29}},"type":"binary-expr","locations":[{"start":{"line":19,"column":8},"end":{"line":19,"column":11}},{"start":{"line":19,"column":15},"end":{"line":19,"column":29}}],"line":19},"13":{"loc":{"start":{"line":21,"column":4},"end":{"line":21,"column":141}},"type":"if","locations":[{"start":{"line":21,"column":4},"end":{"line":21,"column":141}},{"start":{"line":21,"column":4},"end":{"line":21,"column":141}}],"line":21},"14":{"loc":{"start":{"line":21,"column":40},"end":{"line":21,"column":141}},"type":"if","locations":[{"start":{"line":21,"column":40},"end":{"line":21,"column":141}},{"start":{"line":21,"column":40},"end":{"line":21,"column":141}}],"line":21},"15":{"loc":{"start":{"line":21,"column":44},"end":{"line":21,"column":107}},"type":"binary-expr","locations":[{"start":{"line":21,"column":44},"end":{"line":21,"column":59}},{"start":{"line":21,"column":63},"end":{"line":21,"column":107}}],"line":21},"16":{"loc":{"start":{"line":29,"column":41},"end":{"line":29,"column":59}},"type":"default-arg","locations":[{"start":{"line":29,"column":51},"end":{"line":29,"column":59}}],"line":29},"17":{"loc":{"start":{"line":41,"column":20},"end":{"line":49,"column":21}},"type":"if","locations":[{"start":{"line":41,"column":20},"end":{"line":49,"column":21}},{"start":{"line":41,"column":20},"end":{"line":49,"column":21}}],"line":41},"18":{"loc":{"start":{"line":44,"column":25},"end":{"line":49,"column":21}},"type":"if","locations":[{"start":{"line":44,"column":25},"end":{"line":49,"column":21}},{"start":{"line":44,"column":25},"end":{"line":49,"column":21}}],"line":44},"19":{"loc":{"start":{"line":44,"column":29},"end":{"line":44,"column":89}},"type":"binary-expr","locations":[{"start":{"line":44,"column":29},"end":{"line":44,"column":57}},{"start":{"line":44,"column":61},"end":{"line":44,"column":89}}],"line":44}},"s":{"0":1,"1":17,"2":17,"3":17,"4":17,"5":17,"6":74,"7":17,"8":0,"9":0,"10":0,"11":1,"12":1,"13":0,"14":1,"15":1,"16":0,"17":1,"18":1,"19":1,"20":17,"21":17,"22":1,"23":1,"24":1,"25":1,"26":1,"27":1,"28":74,"29":74,"30":74,"31":74,"32":74,"33":74,"34":74,"35":74,"36":74,"37":74,"38":74,"39":0,"40":74,"41":74,"42":0,"43":0,"44":0,"45":1},"f":{"0":17,"1":74,"2":0,"3":1,"4":0,"5":1,"6":74,"7":74,"8":74,"9":74,"10":74,"11":0},"b":{"0":[1,1,1],"1":[1,0],"2":[17,0],"3":[17,0],"4":[17,17],"5":[2,15],"6":[15,0],"7":[0,0],"8":[1,1,1],"9":[1,0],"10":[1,1,1],"11":[0,1],"12":[1,1],"13":[1,0],"14":[17,0],"15":[17,17],"16":[74],"17":[0,74],"18":[74,0],"19":[74,74]},"inputSourceMap":{"version":3,"file":"/Users/BillyOrr/Desktop/project_team117/src/models/utils/Geolocation.ts","sources":["/Users/BillyOrr/Desktop/project_team117/src/models/utils/Geolocation.ts"],"names":[],"mappings":";;;;;;;;;;;;;;;;;;;;;;;;;;AAEA,2CAA6B;AAC7B,oEAA+D;AAExD,KAAK,UAAU,gBAAgB,CACrC,OAAe,EACf,UAA2B,IAAI,CAAC,GAAG;IAEnC,MAAM,cAAc,GAAG,kBAAkB,CAAC,OAAO,CAAC,CAAC;IACnD,MAAM,GAAG,GAAG,gEAAgE,cAAc,EAAE,CAAC;IAE7F,OAAO,IAAI,OAAO,CAA+B,CAAC,OAAO,EAAE,MAAM,EAAE,EAAE;QACpE,OAAO,CAAC,GAAG,EAAE,CAAC,GAAG,EAAE,EAAE;YACpB,IAAI,OAAO,GAAG,EAAE,CAAC;YAEjB,GAAG,CAAC,EAAE,CAAC,MAAM,EAAE,CAAC,KAAK,EAAE,EAAE;gBACxB,OAAO,IAAI,KAAK,CAAC;YAClB,CAAC,CAAC,CAAC;YAEH,GAAG,CAAC,EAAE,CAAC,KAAK,EAAE,GAAG,EAAE;gBAClB,IAAI;oBACH,MAAM,UAAU,GAAG,IAAI,CAAC,KAAK,CAAC,OAAO,CAAC,CAAC;oBACvC,IAAI,UAAU,CAAC,KAAK,EAAE;wBACrB,MAAM,CAAC,IAAI,6BAAY,CAAC,sBAAsB,UAAU,CAAC,KAAK,EAAE,CAAC,CAAC,CAAC;qBACnE;yBAAM,IAAI,UAAU,CAAC,GAAG,KAAK,SAAS,IAAI,UAAU,CAAC,GAAG,KAAK,SAAS,EAAE;wBACxE,OAAO,CAAC,EAAE,GAAG,EAAE,UAAU,CAAC,GAAG,EAAE,GAAG,EAAE,UAAU,CAAC,GAAG,EAAE,CAAC,CAAC;qBACtD;yBAAM;wBACN,MAAM,CAAC,IAAI,6BAAY,CAAC,8BAA8B,CAAC,CAAC,CAAC;qBACzD;iBACD;gBAAC,OAAO,CAAM,EAAE;oBAChB,MAAM,CAAC,IAAI,6BAAY,CAAC,yCAAyC,CAAC,CAAC,OAAO,EAAE,CAAC,CAAC,CAAC;iBAC/E;YACF,CAAC,CAAC,CAAC;QACJ,CAAC,CAAC,CAAC,EAAE,CAAC,OAAO,EAAE,CAAC,CAAC,EAAE,EAAE;YACpB,MAAM,CAAC,IAAI,6BAAY,CAAC,+BAA+B,CAAC,CAAC,OAAO,EAAE,CAAC,CAAC,CAAC;QACtE,CAAC,CAAC,CAAC;IACJ,CAAC,CAAC,CAAC;AACJ,CAAC;AAjCD,4CAiCC","sourcesContent":["// Geolocation.ts\n\nimport * as http from \"http\";\nimport { InsightError } from \"../../controller/IInsightFacade\";\n\nexport async function fetchGeolocation(\n\taddress: string,\n\thttpGet: typeof http.get = http.get\n): Promise<{ lat: number; lon: number }> {\n\tconst encodedAddress = encodeURIComponent(address);\n\tconst url = `http://cs310.students.cs.ubc.ca:11316/api/v1/project_team117/${encodedAddress}`;\n\n\treturn new Promise<{ lat: number; lon: number }>((resolve, reject) => {\n\t\thttpGet(url, (res) => {\n\t\t\tlet rawData = \"\";\n\n\t\t\tres.on(\"data\", (chunk) => {\n\t\t\t\trawData += chunk;\n\t\t\t});\n\n\t\t\tres.on(\"end\", () => {\n\t\t\t\ttry {\n\t\t\t\t\tconst parsedData = JSON.parse(rawData);\n\t\t\t\t\tif (parsedData.error) {\n\t\t\t\t\t\treject(new InsightError(`Geolocation error: ${parsedData.error}`));\n\t\t\t\t\t} else if (parsedData.lat !== undefined && parsedData.lon !== undefined) {\n\t\t\t\t\t\tresolve({ lat: parsedData.lat, lon: parsedData.lon });\n\t\t\t\t\t} else {\n\t\t\t\t\t\treject(new InsightError(\"Invalid geolocation response\"));\n\t\t\t\t\t}\n\t\t\t\t} catch (e: any) {\n\t\t\t\t\treject(new InsightError(`Failed to parse geolocation response: ${e.message}`));\n\t\t\t\t}\n\t\t\t});\n\t\t}).on(\"error\", (e) => {\n\t\t\treject(new InsightError(`Geolocation request failed: ${e.message}`));\n\t\t});\n\t});\n}\n"]},"_coverageSchema":"1a1c01bbd47fc00a2c39e90264f33305004495a9","hash":"769839f21916a6515fe3da83c6444a347808249a","contentHash":"f7121d9352e7d3cef3c15196a87005c8bdaafbf7aea5addc28078cb822deffc4"}}